#
# A fatal error has been detected by the Java Runtime Environment:
#
#  SIGSEGV (0xb) at pc=0x0000000107ddfa6e, pid=43456, tid=18691
#
# JRE version: Java(TM) SE Runtime Environment (8.0_65-b17) (build 1.8.0_65-b17)
# Java VM: Java HotSpot(TM) 64-Bit Server VM (25.65-b01 mixed mode bsd-amd64 compressed oops)
# Problematic frame:
# V  [libjvm.dylib+0x1dfa6e]  ConstantPool::klass_name_at(int)+0x18
#
# Failed to write core dump. Core dumps have been disabled. To enable core dumping, try "ulimit -c unlimited" before starting Java again
#
# If you would like to submit a bug report, please visit:
#   http://bugreport.java.com/bugreport/crash.jsp
#

---------------  T H R E A D  ---------------

Current thread (0x00007fa8bd816800):  VMThread [stack: 0x000070000a97f000,0x000070000aa7f000] [id=18691]

siginfo: si_signo: 11 (SIGSEGV), si_code: 1 (SEGV_MAPERR), si_addr: 0x0000000000000010

Registers:
RAX=0x0000000000000000, RBX=0x00000000000000bb, RCX=0x0000000000000511, RDX=0x00000000000000bb
RSP=0x000070000aa7e6e0, RBP=0x000070000aa7e6e0, RSI=0x0000000000000066, RDI=0x0000000127fe8470
R8 =0x0000000000000001, R9 =0x0000000000010001, R10=0x0000000000000001, R11=0x00007fa8bee49960
R12=0x0000000127fe8bd0, R13=0x0000000000000000, R14=0x0000000000000066, R15=0x000000000000003a
RIP=0x0000000107ddfa6e, EFLAGS=0x0000000000010246, ERR=0x0000000000000004
  TRAPNO=0x000000000000000e

Top of Stack: (sp=0x000070000aa7e6e0)
0x000070000aa7e6e0:   000070000aa7e7b0 000000010804a4e6
0x000070000aa7e6f0:   0000000000000000 0000000113275020
0x000070000aa7e700:   000070000aa7e730 00000001080d0a77
0x000070000aa7e710:   000070000aa7e768 0000000127fe9c18
0x000070000aa7e720:   000070000aa7e750 0000000107cdf53f
0x000070000aa7e730:   0000000127fe9c18 000070000aa7e7e8
0x000070000aa7e740:   000070000aa7e818 00000000000000bb
0x000070000aa7e750:   000070000aa7e780 0000000107cdf5b0
0x000070000aa7e760:   0000000127fe9c18 0000000127fe9c18
0x000070000aa7e770:   00007fa8bd816800 000070000aa7e7e8
0x000070000aa7e780:   000070000aa7e7b0 000070000aa7e7e8
0x000070000aa7e790:   0000000127fe8bd0 0000000000000000
0x000070000aa7e7a0:   000070000aa7e818 00000000000000bb
0x000070000aa7e7b0:   000070000aa7e890 000000010804b4e7
0x000070000aa7e7c0:   000000011405025c 0000000107e70060
0x000070000aa7e7d0:   0000000114050070 000070000a00ffff
0x000070000aa7e7e0:   0000000114050080 0000000114050080
0x000070000aa7e7f0:   0000000127fe9c18 00007fa8bd816800
0x000070000aa7e800:   0000000300000000 000000bb0000000a
0x000070000aa7e810:   000000bb0aa70000 0000000107e9cfed
0x000070000aa7e820:   0000000127fe8bd0 00007fa8bd816800
0x000070000aa7e830:   0000000300000000 000000bb0000000a
0x000070000aa7e840:   000000bb0aa70000 0000000127fe8bd0
0x000070000aa7e850:   00007fa8bd816800 0000000127fe9c18
0x000070000aa7e860:   00007fa8bd816800 0000000127fe9c18
0x000070000aa7e870:   0000000127fe8bd0 0000000000000000
0x000070000aa7e880:   0000000000000002 0000000000000003
0x000070000aa7e890:   000070000aa7e960 0000000107f9a4d0
0x000070000aa7e8a0:   0000fffe000302e8 000070000aa7ea10
0x000070000aa7e8b0:   0000ffff00000000 000070000aa7ea0c
0x000070000aa7e8c0:   0000000000000000 0000000000000000
0x000070000aa7e8d0:   00000007c0149218 000070000ae8a980 

Instructions: (pc=0x0000000107ddfa6e)
0x0000000107ddfa4e:   44 c7 50 c1 e8 10 5d c3 55 48 89 e5 48 63 c6 48
0x0000000107ddfa5e:   8b 44 c7 50 48 89 45 f8 48 8b 45 f8 a8 01 75 06
0x0000000107ddfa6e:   48 8b 40 10 5d c3 48 83 e0 fe 5d c3 55 48 89 e5
0x0000000107ddfa7e:   48 63 c2 48 8b 44 c7 50 48 89 45 f8 48 8b 45 f8 

Register to memory mapping:

RAX=0x0000000000000000 is an unknown value
RBX=0x00000000000000bb is an unknown value
RCX=0x0000000000000511 is an unknown value
RDX=0x00000000000000bb is an unknown value
RSP=0x000070000aa7e6e0 is an unknown value
RBP=0x000070000aa7e6e0 is an unknown value
RSI=0x0000000000000066 is an unknown value
RDI=0x0000000127fe8470 is pointing into metadata
R8 =0x0000000000000001 is an unknown value
R9 =0x0000000000010001 is an unknown value
R10=0x0000000000000001 is an unknown value
R11=0x00007fa8bee49960 is an unknown value
R12={method} {0x0000000127fe8bd0} 'addStock' '(Ljava/lang/String;Ljava/lang/String;Ljava/lang/String;Ljava/lang/String;II)Ljava/lang/String;' in 'com/csi_system/backend/ShopDataController'
R13=0x0000000000000000 is an unknown value
R14=0x0000000000000066 is an unknown value
R15=0x000000000000003a is an unknown value


Stack: [0x000070000a97f000,0x000070000aa7f000],  sp=0x000070000aa7e6e0,  free space=1021k
Native frames: (J=compiled Java code, j=interpreted, Vv=VM code, C=native code)
V  [libjvm.dylib+0x1dfa6e]  ConstantPool::klass_name_at(int)+0x18
V  [libjvm.dylib+0x44a4e6]  MethodComparator::args_same(Bytecodes::Code, Bytecodes::Code)+0x90
V  [libjvm.dylib+0x44b4e7]  MethodComparator::methods_EMCP(Method*, Method*)+0x251
V  [libjvm.dylib+0x39a4d0]  VM_RedefineClasses::check_methods_and_mark_as_obsolete(BitMap*, int*)+0xae
V  [libjvm.dylib+0x39aa52]  VM_RedefineClasses::redefine_single_class(_jclass*, Klass*, Thread*)+0x176
V  [libjvm.dylib+0x398da6]  VM_RedefineClasses::doit()+0x110
V  [libjvm.dylib+0x5ae00d]  VM_Operation::evaluate()+0x4f
V  [libjvm.dylib+0x5ac677]  VMThread::evaluate_operation(VM_Operation*)+0xdf
V  [libjvm.dylib+0x5acac4]  VMThread::loop()+0x328
V  [libjvm.dylib+0x5ac3e3]  VMThread::run()+0x79
V  [libjvm.dylib+0x48342e]  java_start(Thread*)+0xf6
C  [libsystem_pthread.dylib+0x32eb]  _pthread_body+0x7e
C  [libsystem_pthread.dylib+0x6249]  _pthread_start+0x42
C  [libsystem_pthread.dylib+0x240d]  thread_start+0xd

VM_Operation (0x000070000ae8a980): RedefineClasses, mode: safepoint, requested by thread 0x00007fa8bc80b000


---------------  P R O C E S S  ---------------

Java Threads: ( => current thread )
  0x00007fa8bca65000 JavaThread "File Watcher" daemon [_thread_blocked, id=26127, stack(0x000070000bdbb000,0x000070000bebb000)]
  0x00007fa8bdbce800 JavaThread "Thread-8" [_thread_blocked, id=31307, stack(0x000070000bbb5000,0x000070000bcb5000)]
  0x00007fa8bccf7000 JavaThread "RMI TCP Connection(idle)" daemon [_thread_blocked, id=29999, stack(0x000070000b7a9000,0x000070000b8a9000)]
  0x00007fa8bd800000 JavaThread "DestroyJavaVM" [_thread_blocked, id=6147, stack(0x000070000a064000,0x000070000a164000)]
  0x00007fa8bda35800 JavaThread "Live Reload Server" daemon [_thread_in_native, id=37383, stack(0x000070000c9df000,0x000070000cadf000)]
  0x00007fa8bda7f000 JavaThread "mysql-cj-abandoned-connection-cleanup" daemon [_thread_blocked, id=25859, stack(0x000070000c2ca000,0x000070000c3ca000)]
  0x00007fa8bda46000 JavaThread "JMX server connection timeout 28" daemon [_thread_blocked, id=25603, stack(0x000070000c1c7000,0x000070000c2c7000)]
  0x00007fa8beba3800 JavaThread "RMI TCP Connection(3)-127.0.0.1" daemon [_thread_in_native, id=40199, stack(0x000070000c0c4000,0x000070000c1c4000)]
  0x00007fa8beb96800 JavaThread "Attach Listener" daemon [_thread_blocked, id=40711, stack(0x000070000bfc1000,0x000070000c0c1000)]
  0x00007fa8be9da000 JavaThread "JMX server connection timeout 20" daemon [_thread_blocked, id=24323, stack(0x000070000bcb8000,0x000070000bdb8000)]
  0x00007fa8bd8b0000 JavaThread "RMI Scheduler(0)" daemon [_thread_blocked, id=41475, stack(0x000070000bab2000,0x000070000bbb2000)]
  0x00007fa8bc97c800 JavaThread "RMI TCP Accept-0" daemon [_thread_in_native, id=42243, stack(0x000070000b8ac000,0x000070000b9ac000)]
  0x00007fa8bc978800 JavaThread "RMI TCP Accept-51903" daemon [_thread_in_native, id=42499, stack(0x000070000b6a6000,0x000070000b7a6000)]
  0x00007fa8be9cd000 JavaThread "RMI TCP Accept-0" daemon [_thread_in_native, id=22275, stack(0x000070000b5a3000,0x000070000b6a3000)]
  0x00007fa8c0810000 JavaThread "Service Thread" daemon [_thread_blocked, id=22019, stack(0x000070000b4a0000,0x000070000b5a0000)]
  0x00007fa8bd81b800 JavaThread "C1 CompilerThread3" daemon [_thread_blocked, id=21763, stack(0x000070000b39d000,0x000070000b49d000)]
  0x00007fa8bd001000 JavaThread "C2 CompilerThread2" daemon [_thread_blocked, id=14339, stack(0x000070000b29a000,0x000070000b39a000)]
  0x00007fa8be831800 JavaThread "C2 CompilerThread1" daemon [_thread_blocked, id=14083, stack(0x000070000b197000,0x000070000b297000)]
  0x00007fa8be802800 JavaThread "C2 CompilerThread0" daemon [_thread_blocked, id=13827, stack(0x000070000b094000,0x000070000b194000)]
  0x00007fa8bd81a800 JavaThread "JDWP Command Reader" daemon [_thread_blocked, id=13315, stack(0x000070000af91000,0x000070000b091000)]
  0x00007fa8bd81a000 JavaThread "JDWP Event Helper Thread" daemon [_thread_blocked, id=15619, stack(0x000070000ae8e000,0x000070000af8e000)]
  0x00007fa8bc80b000 JavaThread "JDWP Transport Listener: dt_socket" daemon [_thread_blocked, id=16135, stack(0x000070000ad8b000,0x000070000ae8b000)]
  0x00007fa8bd818000 JavaThread "Signal Dispatcher" daemon [_thread_blocked, id=13059, stack(0x000070000ac88000,0x000070000ad88000)]
  0x00007fa8bd817000 JavaThread "Finalizer" daemon [_thread_blocked, id=11779, stack(0x000070000ab85000,0x000070000ac85000)]
  0x00007fa8bd00b800 JavaThread "Reference Handler" daemon [_thread_blocked, id=18179, stack(0x000070000aa82000,0x000070000ab82000)]

Other Threads:
=>0x00007fa8bd816800 VMThread [stack: 0x000070000a97f000,0x000070000aa7f000] [id=18691]
  0x00007fa8bd8ad800 WatcherThread [stack: 0x000070000b9af000,0x000070000baaf000] [id=41731]

VM state:at safepoint (normal execution)

VM Mutex/Monitor currently owned by a thread:  ([mutex/lock_event])
[0x00007fa8bc4017b0] Threads_lock - owner thread: 0x00007fa8bd816800

Heap:
 PSYoungGen      total 633856K, used 16351K [0x000000076ab00000, 0x0000000799300000, 0x00000007c0000000)
  eden space 630784K, 2% used [0x000000076ab00000,0x000000076baf7e60,0x0000000791300000)
  from space 3072K, 0% used [0x0000000796380000,0x0000000796380000,0x0000000796680000)
  to   space 24576K, 0% used [0x0000000797b00000,0x0000000797b00000,0x0000000799300000)
 ParOldGen       total 168960K, used 29123K [0x00000006c0000000, 0x00000006ca500000, 0x000000076ab00000)
  object space 168960K, 17% used [0x00000006c0000000,0x00000006c1c70c38,0x00000006ca500000)
 Metaspace       used 59169K, capacity 62876K, committed 63576K, reserved 1103872K
  class space    used 8338K, capacity 8967K, committed 9088K, reserved 1048576K

Card table byte_map: [0x0000000108f49000,0x000000010974a000] byte_map_base: 0x0000000105949000

Marking Bits: (ParMarkBitMap*) 0x00000001084dee20
 Begin Bits: [0x0000000109ca0000, 0x000000010dca0000)
 End Bits:   [0x000000010dca0000, 0x0000000111ca0000)

Polling page: 0x0000000106a96000

CodeCache: size=245760Kb used=14456Kb max_used=14456Kb free=231303Kb
 bounds [0x000000011322f000, 0x000000011405f000, 0x000000012222f000]
 total_blobs=8027 nmethods=7477 adapters=469
 compilation: enabled

Compilation events (10 events):
Event: 5975.498 Thread 0x00007fa8bd81b800 7637       1       org.springframework.context.event.GenericApplicationListenerAdapter::resolveDeclaredEventType (41 bytes)
Event: 5975.498 Thread 0x00007fa8bd81b800 nmethod 7637 0x000000011404eed0 code [0x000000011404f060, 0x000000011404f258]
Event: 5975.498 Thread 0x00007fa8bd81b800 7638       1       org.springframework.core.ResolvableType::isAssignableFrom (10 bytes)
Event: 5975.498 Thread 0x00007fa8bd81b800 nmethod 7638 0x000000011404f390 code [0x000000011404f500, 0x000000011404f6d8]
Event: 5975.510 Thread 0x00007fa8bd81b800 7639       1       java.util.Date::getTime (5 bytes)
Event: 5975.510 Thread 0x00007fa8bd81b800 nmethod 7639 0x000000011404f7d0 code [0x000000011404f940, 0x000000011404faa8]
Event: 5975.510 Thread 0x00007fa8bd81b800 7640       1       java.util.Date::getTimeImpl (27 bytes)
Event: 5975.511 Thread 0x00007fa8bd81b800 nmethod 7640 0x000000011404fb90 code [0x000000011404fd00, 0x000000011404fe68]
Event: 5975.513 Thread 0x00007fa8bd81b800 7641       1       java.lang.Math::addExact (32 bytes)
Event: 5975.513 Thread 0x00007fa8bd81b800 nmethod 7641 0x000000011404ff10 code [0x0000000114050080, 0x0000000114050268]

GC Heap History (10 events):
Event: 3279.802 GC heap before
{Heap before GC invocations=19 (full 3):
 PSYoungGen      total 571392K, used 544128K [0x000000076ab00000, 0x0000000797a80000, 0x00000007c0000000)
  eden space 542720K, 100% used [0x000000076ab00000,0x000000078bd00000,0x000000078bd00000)
  from space 28672K, 4% used [0x000000078bd00000,0x000000078be60160,0x000000078d900000)
  to   space 28160K, 0% used [0x0000000795f00000,0x0000000795f00000,0x0000000797a80000)
 ParOldGen       total 168960K, used 38162K [0x00000006c0000000, 0x00000006ca500000, 0x000000076ab00000)
  object space 168960K, 22% used [0x00000006c0000000,0x00000006c25448d8,0x00000006ca500000)
 Metaspace       used 59342K, capacity 63224K, committed 63320K, reserved 1103872K
  class space    used 8353K, capacity 9009K, committed 9088K, reserved 1048576K
Event: 3279.807 GC heap after
Heap after GC invocations=19 (full 3):
 PSYoungGen      total 662528K, used 2160K [0x000000076ab00000, 0x0000000796380000, 0x00000007c0000000)
  eden space 657920K, 0% used [0x000000076ab00000,0x000000076ab00000,0x0000000792d80000)
  from space 4608K, 46% used [0x0000000795f00000,0x000000079611c130,0x0000000796380000)
  to   space 27648K, 0% used [0x0000000792d80000,0x0000000792d80000,0x0000000794880000)
 ParOldGen       total 168960K, used 38170K [0x00000006c0000000, 0x00000006ca500000, 0x000000076ab00000)
  object space 168960K, 22% used [0x00000006c0000000,0x00000006c25468d8,0x00000006ca500000)
 Metaspace       used 59342K, capacity 63224K, committed 63320K, reserved 1103872K
  class space    used 8353K, capacity 9009K, committed 9088K, reserved 1048576K
}
Event: 4290.364 GC heap before
{Heap before GC invocations=20 (full 3):
 PSYoungGen      total 662528K, used 660080K [0x000000076ab00000, 0x0000000796380000, 0x00000007c0000000)
  eden space 657920K, 100% used [0x000000076ab00000,0x0000000792d80000,0x0000000792d80000)
  from space 4608K, 46% used [0x0000000795f00000,0x000000079611c130,0x0000000796380000)
  to   space 27648K, 0% used [0x0000000792d80000,0x0000000792d80000,0x0000000794880000)
 ParOldGen       total 168960K, used 38170K [0x00000006c0000000, 0x00000006ca500000, 0x000000076ab00000)
  object space 168960K, 22% used [0x00000006c0000000,0x00000006c25468d8,0x00000006ca500000)
 Metaspace       used 59343K, capacity 63224K, committed 63320K, reserved 1103872K
  class space    used 8353K, capacity 9009K, committed 9088K, reserved 1048576K
Event: 4290.399 GC heap after
Heap after GC invocations=20 (full 3):
 PSYoungGen      total 685568K, used 2576K [0x000000076ab00000, 0x000000079ac80000, 0x00000007c0000000)
  eden space 657920K, 0% used [0x000000076ab00000,0x000000076ab00000,0x0000000792d80000)
  from space 27648K, 9% used [0x0000000792d80000,0x00000007930041d0,0x0000000794880000)
  to   space 26624K, 0% used [0x0000000799280000,0x0000000799280000,0x000000079ac80000)
 ParOldGen       total 168960K, used 38178K [0x00000006c0000000, 0x00000006ca500000, 0x000000076ab00000)
  object space 168960K, 22% used [0x00000006c0000000,0x00000006c25488d8,0x00000006ca500000)
 Metaspace       used 59343K, capacity 63224K, committed 63320K, reserved 1103872K
  class space    used 8353K, capacity 9009K, committed 9088K, reserved 1048576K
}
Event: 5306.573 GC heap before
{Heap before GC invocations=21 (full 3):
 PSYoungGen      total 685568K, used 660496K [0x000000076ab00000, 0x000000079ac80000, 0x00000007c0000000)
  eden space 657920K, 100% used [0x000000076ab00000,0x0000000792d80000,0x0000000792d80000)
  from space 27648K, 9% used [0x0000000792d80000,0x00000007930041d0,0x0000000794880000)
  to   space 26624K, 0% used [0x0000000799280000,0x0000000799280000,0x000000079ac80000)
 ParOldGen       total 168960K, used 38178K [0x00000006c0000000, 0x00000006ca500000, 0x000000076ab00000)
  object space 168960K, 22% used [0x00000006c0000000,0x00000006c25488d8,0x00000006ca500000)
 Metaspace       used 59346K, capacity 63230K, committed 63320K, reserved 1103872K
  class space    used 8354K, capacity 9010K, committed 9088K, reserved 1048576K
Event: 5306.577 GC heap after
Heap after GC invocations=21 (full 3):
 PSYoungGen      total 633856K, used 2736K [0x000000076ab00000, 0x0000000799580000, 0x00000007c0000000)
  eden space 630784K, 0% used [0x000000076ab00000,0x000000076ab00000,0x0000000791300000)
  from space 3072K, 89% used [0x0000000799280000,0x000000079952c130,0x0000000799580000)
  to   space 25600K, 0% used [0x0000000796380000,0x0000000796380000,0x0000000797c80000)
 ParOldGen       total 168960K, used 38186K [0x00000006c0000000, 0x00000006ca500000, 0x000000076ab00000)
  object space 168960K, 22% used [0x00000006c0000000,0x00000006c254a8d8,0x00000006ca500000)
 Metaspace       used 59346K, capacity 63230K, committed 63320K, reserved 1103872K
  class space    used 8354K, capacity 9010K, committed 9088K, reserved 1048576K
}
Event: 5975.098 GC heap before
{Heap before GC invocations=22 (full 3):
 PSYoungGen      total 633856K, used 455164K [0x000000076ab00000, 0x0000000799580000, 0x00000007c0000000)
  eden space 630784K, 71% used [0x000000076ab00000,0x00000007864d30d0,0x0000000791300000)
  from space 3072K, 89% used [0x0000000799280000,0x000000079952c130,0x0000000799580000)
  to   space 25600K, 0% used [0x0000000796380000,0x0000000796380000,0x0000000797c80000)
 ParOldGen       total 168960K, used 38186K [0x00000006c0000000, 0x00000006ca500000, 0x000000076ab00000)
  object space 168960K, 22% used [0x00000006c0000000,0x00000006c254a8d8,0x00000006ca500000)
 Metaspace       used 59427K, capacity 63356K, committed 63576K, reserved 1103872K
  class space    used 8368K, capacity 9024K, committed 9088K, reserved 1048576K
Event: 5975.104 GC heap after
Heap after GC invocations=22 (full 3):
 PSYoungGen      total 633856K, used 2976K [0x000000076ab00000, 0x0000000799300000, 0x00000007c0000000)
  eden space 630784K, 0% used [0x000000076ab00000,0x000000076ab00000,0x0000000791300000)
  from space 3072K, 96% used [0x0000000796380000,0x0000000796668100,0x0000000796680000)
  to   space 24576K, 0% used [0x0000000797b00000,0x0000000797b00000,0x0000000799300000)
 ParOldGen       total 168960K, used 38194K [0x00000006c0000000, 0x00000006ca500000, 0x000000076ab00000)
  object space 168960K, 22% used [0x00000006c0000000,0x00000006c254c8d8,0x00000006ca500000)
 Metaspace       used 59427K, capacity 63356K, committed 63576K, reserved 1103872K
  class space    used 8368K, capacity 9024K, committed 9088K, reserved 1048576K
}
Event: 5975.104 GC heap before
{Heap before GC invocations=23 (full 4):
 PSYoungGen      total 633856K, used 2976K [0x000000076ab00000, 0x0000000799300000, 0x00000007c0000000)
  eden space 630784K, 0% used [0x000000076ab00000,0x000000076ab00000,0x0000000791300000)
  from space 3072K, 96% used [0x0000000796380000,0x0000000796668100,0x0000000796680000)
  to   space 24576K, 0% used [0x0000000797b00000,0x0000000797b00000,0x0000000799300000)
 ParOldGen       total 168960K, used 38194K [0x00000006c0000000, 0x00000006ca500000, 0x000000076ab00000)
  object space 168960K, 22% used [0x00000006c0000000,0x00000006c254c8d8,0x00000006ca500000)
 Metaspace       used 59427K, capacity 63356K, committed 63576K, reserved 1103872K
  class space    used 8368K, capacity 9024K, committed 9088K, reserved 1048576K
Event: 5975.404 GC heap after
Heap after GC invocations=23 (full 4):
 PSYoungGen      total 633856K, used 0K [0x000000076ab00000, 0x0000000799300000, 0x00000007c0000000)
  eden space 630784K, 0% used [0x000000076ab00000,0x000000076ab00000,0x0000000791300000)
  from space 3072K, 0% used [0x0000000796380000,0x0000000796380000,0x0000000796680000)
  to   space 24576K, 0% used [0x0000000797b00000,0x0000000797b00000,0x0000000799300000)
 ParOldGen       total 168960K, used 29123K [0x00000006c0000000, 0x00000006ca500000, 0x000000076ab00000)
  object space 168960K, 17% used [0x00000006c0000000,0x00000006c1c70c38,0x00000006ca500000)
 Metaspace       used 59103K, capacity 62832K, committed 63576K, reserved 1103872K
  class space    used 8317K, capacity 8932K, committed 9088K, reserved 1048576K
}

Deoptimization events (0 events):
No events

Internal exceptions (10 events):
Event: 5975.503 Thread 0x00007fa8bf859800 Exception <a 'java/lang/ArrayIndexOutOfBoundsException'> (0x000000076b64f4a8) thrown at [/Users/java_re/workspace/8-2-build-macosx-x86_64/jdk8u65/4987/hotspot/src/share/vm/runtime/sharedRuntime.cpp, line 605]
Event: 5975.504 Thread 0x00007fa8bf859800 Exception <a 'java/lang/ArrayIndexOutOfBoundsException'> (0x000000076b6547b8) thrown at [/Users/java_re/workspace/8-2-build-macosx-x86_64/jdk8u65/4987/hotspot/src/share/vm/runtime/sharedRuntime.cpp, line 605]
Event: 5975.504 Thread 0x00007fa8bf859800 Exception <a 'java/lang/ArrayIndexOutOfBoundsException'> (0x000000076b6561b8) thrown at [/Users/java_re/workspace/8-2-build-macosx-x86_64/jdk8u65/4987/hotspot/src/share/vm/runtime/sharedRuntime.cpp, line 605]
Event: 5975.504 Thread 0x00007fa8bf859800 Exception <a 'java/lang/ArrayIndexOutOfBoundsException'> (0x000000076b65d978) thrown at [/Users/java_re/workspace/8-2-build-macosx-x86_64/jdk8u65/4987/hotspot/src/share/vm/runtime/sharedRuntime.cpp, line 605]
Event: 5975.505 Thread 0x00007fa8bf859800 Exception <a 'java/lang/ArrayIndexOutOfBoundsException'> (0x000000076b665038) thrown at [/Users/java_re/workspace/8-2-build-macosx-x86_64/jdk8u65/4987/hotspot/src/share/vm/runtime/sharedRuntime.cpp, line 605]
Event: 5975.505 Thread 0x00007fa8bf859800 Exception <a 'java/lang/ArrayIndexOutOfBoundsException'> (0x000000076b667530) thrown at [/Users/java_re/workspace/8-2-build-macosx-x86_64/jdk8u65/4987/hotspot/src/share/vm/runtime/sharedRuntime.cpp, line 605]
Event: 5975.505 Thread 0x00007fa8bf859800 Exception <a 'java/lang/ArrayIndexOutOfBoundsException'> (0x000000076b6719b8) thrown at [/Users/java_re/workspace/8-2-build-macosx-x86_64/jdk8u65/4987/hotspot/src/share/vm/runtime/sharedRuntime.cpp, line 605]
Event: 5975.507 Thread 0x00007fa8bf859800 Exception <a 'java/lang/ArrayIndexOutOfBoundsException'> (0x000000076b68d378) thrown at [/Users/java_re/workspace/8-2-build-macosx-x86_64/jdk8u65/4987/hotspot/src/share/vm/runtime/sharedRuntime.cpp, line 605]
Event: 5975.507 Thread 0x00007fa8bf859800 Exception <a 'java/lang/ArrayIndexOutOfBoundsException'> (0x000000076b6940f0) thrown at [/Users/java_re/workspace/8-2-build-macosx-x86_64/jdk8u65/4987/hotspot/src/share/vm/runtime/sharedRuntime.cpp, line 605]
Event: 5975.512 Thread 0x00007fa8bf859800 Exception <a 'java/lang/reflect/InvocationTargetException'> (0x000000076b6f16d8) thrown at [/Users/java_re/workspace/8-2-build-macosx-x86_64/jdk8u65/4987/hotspot/src/share/vm/runtime/reflection.cpp, line 1092]

Events (10 events):
Event: 5975.513 loading class org/springframework/boot/devtools/autoconfigure/FileWatchingFailureHandler$Listener
Event: 5975.513 loading class org/springframework/boot/devtools/autoconfigure/FileWatchingFailureHandler$Listener done
Event: 5975.513 Thread 0x00007fa8bdbce800 DEOPT PACKING pc=0x0000000113436051 sp=0x000070000bcb34a0
Event: 5975.513 Thread 0x00007fa8bdbce800 DEOPT UNPACKING pc=0x0000000113276633 sp=0x000070000bcb3210 mode 1
Event: 5975.513 Thread 0x00007fa8bdbce800 DEOPT PACKING pc=0x00000001134575c4 sp=0x000070000bcb3520
Event: 5975.513 Thread 0x00007fa8bdbce800 DEOPT UNPACKING pc=0x0000000113276633 sp=0x000070000bcb3360 mode 1
Event: 5975.513 Thread 0x00007fa8bdbce800 DEOPT PACKING pc=0x000000011345750c sp=0x000070000bcb36b0
Event: 5975.513 Thread 0x00007fa8bdbce800 DEOPT UNPACKING pc=0x0000000113276633 sp=0x000070000bcb34f0 mode 1
Event: 5975.515 Thread 0x00007fa8bca65000 Thread added: 0x00007fa8bca65000
Event: 5975.786 Executing VM operation: RedefineClasses


Dynamic libraries:
0x00000000095fd000 	/System/Library/Frameworks/Cocoa.framework/Versions/A/Cocoa
0x00000000095fd000 	/System/Library/Frameworks/Security.framework/Versions/A/Security
0x00000000095fd000 	/System/Library/Frameworks/ApplicationServices.framework/Versions/A/ApplicationServices
0x00000000095fd000 	/usr/lib/libz.1.dylib
0x00000000095fd000 	/usr/lib/libSystem.B.dylib
0x00000000095fd000 	/usr/lib/libobjc.A.dylib
0x00000000095fd000 	/System/Library/Frameworks/CoreFoundation.framework/Versions/A/CoreFoundation
0x00000000095fd000 	/System/Library/Frameworks/Foundation.framework/Versions/C/Foundation
0x00000000095fd000 	/System/Library/Frameworks/AppKit.framework/Versions/C/AppKit
0x00000000095fd000 	/System/Library/Frameworks/CoreData.framework/Versions/A/CoreData
0x00000000095fd000 	/System/Library/PrivateFrameworks/RemoteViewServices.framework/Versions/A/RemoteViewServices
0x00000000095fd000 	/System/Library/PrivateFrameworks/UIFoundation.framework/Versions/A/UIFoundation
0x00000000095fd000 	/System/Library/PrivateFrameworks/XCTTargetBootstrap.framework/Versions/A/XCTTargetBootstrap
0x00000000095fd000 	/System/Library/PrivateFrameworks/IconServices.framework/Versions/A/IconServices
0x00000000095fd000 	/System/Library/Frameworks/Metal.framework/Versions/A/Metal
0x00000000095fd000 	/System/Library/PrivateFrameworks/DesktopServicesPriv.framework/Versions/A/DesktopServicesPriv
0x00000000095fd000 	/usr/lib/libenergytrace.dylib
0x00000000095fd000 	/System/Library/PrivateFrameworks/SkyLight.framework/Versions/A/SkyLight
0x00000000095fd000 	/System/Library/Frameworks/CoreGraphics.framework/Versions/A/CoreGraphics
0x00000000095fd000 	/System/Library/Frameworks/Accelerate.framework/Versions/A/Accelerate
0x00000000095fd000 	/System/Library/Frameworks/IOSurface.framework/Versions/A/IOSurface
0x00000000095fd000 	/System/Library/PrivateFrameworks/DFRFoundation.framework/Versions/A/DFRFoundation
0x00000000095fd000 	/System/Library/Frameworks/AudioToolbox.framework/Versions/A/AudioToolbox
0x00000000095fd000 	/System/Library/Frameworks/AudioUnit.framework/Versions/A/AudioUnit
0x00000000095fd000 	/System/Library/PrivateFrameworks/DataDetectorsCore.framework/Versions/A/DataDetectorsCore
0x00000000095fd000 	/System/Library/Frameworks/Carbon.framework/Versions/A/Frameworks/HIToolbox.framework/Versions/A/HIToolbox
0x00000000095fd000 	/usr/lib/libicucore.A.dylib
0x00000000095fd000 	/System/Library/Frameworks/QuartzCore.framework/Versions/A/QuartzCore
0x00000000095fd000 	/System/Library/Frameworks/Carbon.framework/Versions/A/Frameworks/SpeechRecognition.framework/Versions/A/SpeechRecognition
0x00000000095fd000 	/usr/lib/libauto.dylib
0x00000000095fd000 	/usr/lib/libxml2.2.dylib
0x00000000095fd000 	/System/Library/PrivateFrameworks/CoreUI.framework/Versions/A/CoreUI
0x00000000095fd000 	/System/Library/Frameworks/CoreAudio.framework/Versions/A/CoreAudio
0x00000000095fd000 	/System/Library/Frameworks/DiskArbitration.framework/Versions/A/DiskArbitration
0x00000000095fd000 	/usr/lib/liblangid.dylib
0x00000000095fd000 	/System/Library/PrivateFrameworks/MultitouchSupport.framework/Versions/A/MultitouchSupport
0x00000000095fd000 	/System/Library/Frameworks/IOKit.framework/Versions/A/IOKit
0x00000000095fd000 	/usr/lib/libDiagnosticMessagesClient.dylib
0x00000000095fd000 	/System/Library/Frameworks/CoreServices.framework/Versions/A/CoreServices
0x00000000095fd000 	/System/Library/PrivateFrameworks/PerformanceAnalysis.framework/Versions/A/PerformanceAnalysis
0x00000000095fd000 	/System/Library/Frameworks/OpenGL.framework/Versions/A/OpenGL
0x00000000095fd000 	/System/Library/Frameworks/ColorSync.framework/Versions/A/ColorSync
0x00000000095fd000 	/System/Library/Frameworks/CoreImage.framework/Versions/A/CoreImage
0x00000000095fd000 	/System/Library/Frameworks/CoreText.framework/Versions/A/CoreText
0x00000000095fd000 	/System/Library/Frameworks/ImageIO.framework/Versions/A/ImageIO
0x00000000095fd000 	/System/Library/PrivateFrameworks/Backup.framework/Versions/A/Backup
0x00000000095fd000 	/usr/lib/libarchive.2.dylib
0x00000000095fd000 	/System/Library/Frameworks/CFNetwork.framework/Versions/A/CFNetwork
0x00000000095fd000 	/System/Library/Frameworks/SystemConfiguration.framework/Versions/A/SystemConfiguration
0x00000000095fd000 	/usr/lib/libCRFSuite.dylib
0x00000000095fd000 	/usr/lib/libc++.1.dylib
0x00000000095fd000 	/usr/lib/libc++abi.dylib
0x00000000095fd000 	/usr/lib/system/libcache.dylib
0x00000000095fd000 	/usr/lib/system/libcommonCrypto.dylib
0x00000000095fd000 	/usr/lib/system/libcompiler_rt.dylib
0x00000000095fd000 	/usr/lib/system/libcopyfile.dylib
0x00000000095fd000 	/usr/lib/system/libcorecrypto.dylib
0x00000000095fd000 	/usr/lib/system/libdispatch.dylib
0x00000000095fd000 	/usr/lib/system/libdyld.dylib
0x00000000095fd000 	/usr/lib/system/libkeymgr.dylib
0x00000000095fd000 	/usr/lib/system/liblaunch.dylib
0x00000000095fd000 	/usr/lib/system/libmacho.dylib
0x00000000095fd000 	/usr/lib/system/libquarantine.dylib
0x00000000095fd000 	/usr/lib/system/libremovefile.dylib
0x00000000095fd000 	/usr/lib/system/libsystem_asl.dylib
0x00000000095fd000 	/usr/lib/system/libsystem_blocks.dylib
0x00000000095fd000 	/usr/lib/system/libsystem_c.dylib
0x00000000095fd000 	/usr/lib/system/libsystem_configuration.dylib
0x00000000095fd000 	/usr/lib/system/libsystem_coreservices.dylib
0x00000000095fd000 	/usr/lib/system/libsystem_darwin.dylib
0x00000000095fd000 	/usr/lib/system/libsystem_dnssd.dylib
0x00000000095fd000 	/usr/lib/system/libsystem_info.dylib
0x00000000095fd000 	/usr/lib/system/libsystem_m.dylib
0x00000000095fd000 	/usr/lib/system/libsystem_malloc.dylib
0x00000000095fd000 	/usr/lib/system/libsystem_networkextension.dylib
0x00000000095fd000 	/usr/lib/system/libsystem_notify.dylib
0x00000000095fd000 	/usr/lib/system/libsystem_sandbox.dylib
0x00000000095fd000 	/usr/lib/system/libsystem_secinit.dylib
0x00000000095fd000 	/usr/lib/system/libsystem_kernel.dylib
0x00000000095fd000 	/usr/lib/system/libsystem_platform.dylib
0x00000000095fd000 	/usr/lib/system/libsystem_pthread.dylib
0x00000000095fd000 	/usr/lib/system/libsystem_symptoms.dylib
0x00000000095fd000 	/usr/lib/system/libsystem_trace.dylib
0x00000000095fd000 	/usr/lib/system/libunwind.dylib
0x00000000095fd000 	/usr/lib/system/libxpc.dylib
0x00000000095fd000 	/usr/lib/libbsm.0.dylib
0x00000000095fd000 	/usr/lib/system/libkxld.dylib
0x00000000095fd000 	/System/Library/PrivateFrameworks/AppleFSCompression.framework/Versions/A/AppleFSCompression
0x00000000095fd000 	/usr/lib/libOpenScriptingUtil.dylib
0x00000000095fd000 	/usr/lib/libcoretls.dylib
0x00000000095fd000 	/usr/lib/libcoretls_cfhelpers.dylib
0x00000000095fd000 	/usr/lib/libpam.2.dylib
0x00000000095fd000 	/usr/lib/libsqlite3.dylib
0x00000000095fd000 	/usr/lib/libxar.1.dylib
0x00000000095fd000 	/usr/lib/libbz2.1.0.dylib
0x00000000095fd000 	/usr/lib/liblzma.5.dylib
0x00000000095fd000 	/usr/lib/libnetwork.dylib
0x00000000095fd000 	/usr/lib/libapple_nghttp2.dylib
0x00000000095fd000 	/usr/lib/libpcap.A.dylib
0x00000000095fd000 	/System/Library/Frameworks/CoreServices.framework/Versions/A/Frameworks/FSEvents.framework/Versions/A/FSEvents
0x00000000095fd000 	/System/Library/Frameworks/CoreServices.framework/Versions/A/Frameworks/CarbonCore.framework/Versions/A/CarbonCore
0x00000000095fd000 	/System/Library/Frameworks/CoreServices.framework/Versions/A/Frameworks/Metadata.framework/Versions/A/Metadata
0x00000000095fd000 	/System/Library/Frameworks/CoreServices.framework/Versions/A/Frameworks/OSServices.framework/Versions/A/OSServices
0x00000000095fd000 	/System/Library/Frameworks/CoreServices.framework/Versions/A/Frameworks/SearchKit.framework/Versions/A/SearchKit
0x00000000095fd000 	/System/Library/Frameworks/CoreServices.framework/Versions/A/Frameworks/AE.framework/Versions/A/AE
0x00000000095fd000 	/System/Library/Frameworks/CoreServices.framework/Versions/A/Frameworks/LaunchServices.framework/Versions/A/LaunchServices
0x00000000095fd000 	/System/Library/Frameworks/CoreServices.framework/Versions/A/Frameworks/DictionaryServices.framework/Versions/A/DictionaryServices
0x00000000095fd000 	/System/Library/Frameworks/CoreServices.framework/Versions/A/Frameworks/SharedFileList.framework/Versions/A/SharedFileList
0x00000000095fd000 	/System/Library/Frameworks/NetFS.framework/Versions/A/NetFS
0x00000000095fd000 	/System/Library/PrivateFrameworks/NetAuth.framework/Versions/A/NetAuth
0x00000000095fd000 	/System/Library/PrivateFrameworks/login.framework/Versions/A/Frameworks/loginsupport.framework/Versions/A/loginsupport
0x00000000095fd000 	/System/Library/PrivateFrameworks/TCC.framework/Versions/A/TCC
0x00000000095fd000 	/System/Library/PrivateFrameworks/CoreNLP.framework/Versions/A/CoreNLP
0x00000000095fd000 	/System/Library/PrivateFrameworks/MetadataUtilities.framework/Versions/A/MetadataUtilities
0x00000000095fd000 	/usr/lib/libmecabra.dylib
0x00000000095fd000 	/System/Library/Frameworks/ApplicationServices.framework/Versions/A/Frameworks/ATS.framework/Versions/A/ATS
0x00000000095fd000 	/System/Library/Frameworks/ApplicationServices.framework/Versions/A/Frameworks/ColorSyncLegacy.framework/Versions/A/ColorSyncLegacy
0x00000000095fd000 	/System/Library/Frameworks/ApplicationServices.framework/Versions/A/Frameworks/HIServices.framework/Versions/A/HIServices
0x00000000095fd000 	/System/Library/Frameworks/ApplicationServices.framework/Versions/A/Frameworks/LangAnalysis.framework/Versions/A/LangAnalysis
0x00000000095fd000 	/System/Library/Frameworks/ApplicationServices.framework/Versions/A/Frameworks/PrintCore.framework/Versions/A/PrintCore
0x00000000095fd000 	/System/Library/Frameworks/ApplicationServices.framework/Versions/A/Frameworks/QD.framework/Versions/A/QD
0x00000000095fd000 	/System/Library/Frameworks/ApplicationServices.framework/Versions/A/Frameworks/SpeechSynthesis.framework/Versions/A/SpeechSynthesis
0x00000000095fd000 	/usr/lib/libcompression.dylib
0x00000000095fd000 	/System/Library/Frameworks/CoreDisplay.framework/Versions/A/CoreDisplay
0x00000000095fd000 	/System/Library/Frameworks/MetalPerformanceShaders.framework/Versions/A/MetalPerformanceShaders
0x00000000095fd000 	/System/Library/Frameworks/Accelerate.framework/Versions/A/Frameworks/vImage.framework/Versions/A/vImage
0x00000000095fd000 	/System/Library/Frameworks/Accelerate.framework/Versions/A/Frameworks/vecLib.framework/Versions/A/vecLib
0x00000000095fd000 	/System/Library/Frameworks/Accelerate.framework/Versions/A/Frameworks/vecLib.framework/Versions/A/libvMisc.dylib
0x00000000095fd000 	/System/Library/Frameworks/Accelerate.framework/Versions/A/Frameworks/vecLib.framework/Versions/A/libvDSP.dylib
0x00000000095fd000 	/System/Library/Frameworks/Accelerate.framework/Versions/A/Frameworks/vecLib.framework/Versions/A/libBLAS.dylib
0x00000000095fd000 	/System/Library/Frameworks/Accelerate.framework/Versions/A/Frameworks/vecLib.framework/Versions/A/libLAPACK.dylib
0x00000000095fd000 	/System/Library/Frameworks/Accelerate.framework/Versions/A/Frameworks/vecLib.framework/Versions/A/libLinearAlgebra.dylib
0x00000000095fd000 	/System/Library/Frameworks/Accelerate.framework/Versions/A/Frameworks/vecLib.framework/Versions/A/libSparseBLAS.dylib
0x00000000095fd000 	/System/Library/Frameworks/Accelerate.framework/Versions/A/Frameworks/vecLib.framework/Versions/A/libQuadrature.dylib
0x00000000095fd000 	/System/Library/Frameworks/Accelerate.framework/Versions/A/Frameworks/vecLib.framework/Versions/A/libBNNS.dylib
0x00000000095fd000 	/System/Library/Frameworks/Accelerate.framework/Versions/A/Frameworks/vecLib.framework/Versions/A/libSparse.dylib
0x00000000095fd000 	/System/Library/PrivateFrameworks/GPUWrangler.framework/Versions/A/GPUWrangler
0x00000000095fd000 	/System/Library/PrivateFrameworks/IOAccelerator.framework/Versions/A/IOAccelerator
0x00000000095fd000 	/System/Library/PrivateFrameworks/IOPresentment.framework/Versions/A/IOPresentment
0x00000000095fd000 	/System/Library/PrivateFrameworks/DSExternalDisplay.framework/Versions/A/DSExternalDisplay
0x00000000095fd000 	/System/Library/Frameworks/OpenGL.framework/Versions/A/Libraries/libCoreFSCache.dylib
0x00000000095fd000 	/System/Library/Frameworks/MetalPerformanceShaders.framework/Frameworks/MPSCore.framework/Versions/A/MPSCore
0x00000000095fd000 	/System/Library/Frameworks/MetalPerformanceShaders.framework/Frameworks/MPSImage.framework/Versions/A/MPSImage
0x00000000095fd000 	/System/Library/Frameworks/MetalPerformanceShaders.framework/Frameworks/MPSNeuralNetwork.framework/Versions/A/MPSNeuralNetwork
0x00000000095fd000 	/System/Library/Frameworks/MetalPerformanceShaders.framework/Frameworks/MPSMatrix.framework/Versions/A/MPSMatrix
0x00000000095fd000 	/System/Library/Frameworks/MetalPerformanceShaders.framework/Frameworks/MPSRayIntersector.framework/Versions/A/MPSRayIntersector
0x00000000095fd000 	/System/Library/PrivateFrameworks/MetalTools.framework/Versions/A/MetalTools
0x00000000095fd000 	/System/Library/PrivateFrameworks/AggregateDictionary.framework/Versions/A/AggregateDictionary
0x00000000095fd000 	/usr/lib/libMobileGestalt.dylib
0x00000000095fd000 	/System/Library/Frameworks/CoreVideo.framework/Versions/A/CoreVideo
0x00000000095fd000 	/System/Library/PrivateFrameworks/GraphVisualizer.framework/Versions/A/GraphVisualizer
0x00000000095fd000 	/System/Library/PrivateFrameworks/FaceCore.framework/Versions/A/FaceCore
0x00000000095fd000 	/System/Library/Frameworks/OpenCL.framework/Versions/A/OpenCL
0x00000000095fd000 	/usr/lib/libFosl_dynamic.dylib
0x00000000095fd000 	/System/Library/PrivateFrameworks/OTSVG.framework/Versions/A/OTSVG
0x00000000095fd000 	/System/Library/Frameworks/ApplicationServices.framework/Versions/A/Frameworks/ATS.framework/Versions/A/Resources/libFontParser.dylib
0x00000000095fd000 	/System/Library/Frameworks/ApplicationServices.framework/Versions/A/Frameworks/ATS.framework/Versions/A/Resources/libFontRegistry.dylib
0x00000000095fd000 	/System/Library/Frameworks/ImageIO.framework/Versions/A/Resources/libJPEG.dylib
0x00000000095fd000 	/System/Library/Frameworks/ImageIO.framework/Versions/A/Resources/libTIFF.dylib
0x00000000095fd000 	/System/Library/Frameworks/ImageIO.framework/Versions/A/Resources/libPng.dylib
0x00000000095fd000 	/System/Library/Frameworks/ImageIO.framework/Versions/A/Resources/libGIF.dylib
0x00000000095fd000 	/System/Library/Frameworks/ImageIO.framework/Versions/A/Resources/libJP2.dylib
0x00000000095fd000 	/System/Library/Frameworks/ImageIO.framework/Versions/A/Resources/libRadiance.dylib
0x00000000095fd000 	/System/Library/PrivateFrameworks/AppleJPEG.framework/Versions/A/AppleJPEG
0x00000000095fd000 	/System/Library/Frameworks/OpenGL.framework/Versions/A/Libraries/libGFXShared.dylib
0x00000000095fd000 	/System/Library/Frameworks/OpenGL.framework/Versions/A/Libraries/libGLU.dylib
0x00000000095fd000 	/System/Library/Frameworks/OpenGL.framework/Versions/A/Libraries/libGL.dylib
0x00000000095fd000 	/System/Library/Frameworks/OpenGL.framework/Versions/A/Libraries/libGLImage.dylib
0x00000000095fd000 	/System/Library/Frameworks/OpenGL.framework/Versions/A/Libraries/libCVMSPluginSupport.dylib
0x00000000095fd000 	/System/Library/Frameworks/OpenGL.framework/Versions/A/Libraries/libCoreVMClient.dylib
0x00000000095fd000 	/usr/lib/libcups.2.dylib
0x00000000095fd000 	/System/Library/Frameworks/Kerberos.framework/Versions/A/Kerberos
0x00000000095fd000 	/System/Library/Frameworks/GSS.framework/Versions/A/GSS
0x00000000095fd000 	/usr/lib/libresolv.9.dylib
0x00000000095fd000 	/usr/lib/libiconv.2.dylib
0x00000000095fd000 	/System/Library/PrivateFrameworks/Heimdal.framework/Versions/A/Heimdal
0x00000000095fd000 	/usr/lib/libheimdal-asn1.dylib
0x00000000095fd000 	/System/Library/Frameworks/OpenDirectory.framework/Versions/A/OpenDirectory
0x00000000095fd000 	/System/Library/PrivateFrameworks/CommonAuth.framework/Versions/A/CommonAuth
0x00000000095fd000 	/System/Library/Frameworks/OpenDirectory.framework/Versions/A/Frameworks/CFOpenDirectory.framework/Versions/A/CFOpenDirectory
0x00000000095fd000 	/System/Library/Frameworks/SecurityFoundation.framework/Versions/A/SecurityFoundation
0x00000000095fd000 	/System/Library/PrivateFrameworks/APFS.framework/Versions/A/APFS
0x00000000095fd000 	/usr/lib/libutil.dylib
0x00000000095fd000 	/usr/lib/libcharset.1.dylib
0x00000000095fd000 	/System/Library/PrivateFrameworks/AppleSauce.framework/Versions/A/AppleSauce
0x00000000095fd000 	/System/Library/PrivateFrameworks/AssertionServices.framework/Versions/A/AssertionServices
0x00000000095fd000 	/System/Library/PrivateFrameworks/BaseBoard.framework/Versions/A/BaseBoard
0x00000000095fd000 	/usr/lib/libmecab.1.0.0.dylib
0x00000000095fd000 	/usr/lib/libgermantok.dylib
0x00000000095fd000 	/usr/lib/libThaiTokenizer.dylib
0x00000000095fd000 	/usr/lib/libChineseTokenizer.dylib
0x00000000095fd000 	/System/Library/PrivateFrameworks/LanguageModeling.framework/Versions/A/LanguageModeling
0x00000000095fd000 	/System/Library/PrivateFrameworks/CoreEmoji.framework/Versions/A/CoreEmoji
0x00000000095fd000 	/System/Library/PrivateFrameworks/Lexicon.framework/Versions/A/Lexicon
0x00000000095fd000 	/System/Library/PrivateFrameworks/LinguisticData.framework/Versions/A/LinguisticData
0x00000000095fd000 	/usr/lib/libcmph.dylib
0x00000000095fd000 	/System/Library/Frameworks/ServiceManagement.framework/Versions/A/ServiceManagement
0x00000000095fd000 	/System/Library/PrivateFrameworks/BackgroundTaskManagement.framework/Versions/A/BackgroundTaskManagement
0x00000000095fd000 	/usr/lib/libxslt.1.dylib
0x00000000095fd000 	/System/Library/Frameworks/Carbon.framework/Versions/A/Frameworks/Ink.framework/Versions/A/Ink
0x00000000095fd000 	/System/Library/PrivateFrameworks/TextureIO.framework/Versions/A/TextureIO
0x00000000095fd000 	/usr/lib/libate.dylib
0x00000000095fd000 	/System/Library/PrivateFrameworks/CrashReporterSupport.framework/Versions/A/CrashReporterSupport
0x00000000095fd000 	/System/Library/PrivateFrameworks/Sharing.framework/Versions/A/Sharing
0x00000000095fd000 	/System/Library/PrivateFrameworks/AuthKit.framework/Versions/A/AuthKit
0x00000000095fd000 	/System/Library/PrivateFrameworks/Apple80211.framework/Versions/A/Apple80211
0x00000000095fd000 	/System/Library/PrivateFrameworks/CoreUtils.framework/Versions/A/CoreUtils
0x00000000095fd000 	/System/Library/Frameworks/CoreWLAN.framework/Versions/A/CoreWLAN
0x00000000095fd000 	/System/Library/Frameworks/IOBluetooth.framework/Versions/A/IOBluetooth
0x00000000095fd000 	/System/Library/PrivateFrameworks/ProtocolBuffer.framework/Versions/A/ProtocolBuffer
0x00000000095fd000 	/System/Library/PrivateFrameworks/MobileKeyBag.framework/Versions/A/MobileKeyBag
0x00000000095fd000 	/System/Library/PrivateFrameworks/CorePhoneNumbers.framework/Versions/A/CorePhoneNumbers
0x00000000095fd000 	/System/Library/PrivateFrameworks/AppleIDAuthSupport.framework/Versions/A/AppleIDAuthSupport
0x00000000095fd000 	/System/Library/PrivateFrameworks/KeychainCircle.framework/Versions/A/KeychainCircle
0x00000000095fd000 	/System/Library/PrivateFrameworks/ROCKit.framework/Versions/A/ROCKit
0x00000000095fd000 	/System/Library/PrivateFrameworks/CoreWiFi.framework/Versions/A/CoreWiFi
0x00000000095fd000 	/System/Library/Frameworks/CoreBluetooth.framework/Versions/A/CoreBluetooth
0x00000000095fd000 	/System/Library/PrivateFrameworks/DebugSymbols.framework/Versions/A/DebugSymbols
0x00000000095fd000 	/System/Library/PrivateFrameworks/CoreSymbolication.framework/Versions/A/CoreSymbolication
0x00000000095fd000 	/System/Library/PrivateFrameworks/Symbolication.framework/Versions/A/Symbolication
0x00000000095fd000 	/System/Library/PrivateFrameworks/SpeechRecognitionCore.framework/Versions/A/SpeechRecognitionCore
0x00000000095fd000 	/System/Library/CoreServices/Encodings/libTraditionalChineseConverter.dylib
0x0000000107c00000 	/Library/Java/JavaVirtualMachines/jdk1.8.0_65.jdk/Contents/Home/jre/lib/server/libjvm.dylib
0x00000000095fd000 	/usr/lib/libstdc++.6.dylib
0x0000000106a53000 	/Library/Java/JavaVirtualMachines/jdk1.8.0_65.jdk/Contents/Home/jre/lib/libverify.dylib
0x0000000106a61000 	/Library/Java/JavaVirtualMachines/jdk1.8.0_65.jdk/Contents/Home/jre/lib/libjava.dylib
0x0000000106a97000 	/Library/Java/JavaVirtualMachines/jdk1.8.0_65.jdk/Contents/Home/jre/lib/libjdwp.dylib
0x0000000106ae2000 	/Library/Java/JavaVirtualMachines/jdk1.8.0_65.jdk/Contents/Home/jre/lib/libnpt.dylib
0x0000000106b2f000 	/Library/Java/JavaVirtualMachines/jdk1.8.0_65.jdk/Contents/Home/jre/lib/libzip.dylib
0x00000000095fd000 	/System/Library/Frameworks/JavaVM.framework/Versions/A/Frameworks/JavaRuntimeSupport.framework/Versions/A/JavaRuntimeSupport
0x00000000095fd000 	/System/Library/Frameworks/JavaVM.framework/Versions/A/Frameworks/JavaNativeFoundation.framework/Versions/A/JavaNativeFoundation
0x00000000095fd000 	/System/Library/Frameworks/JavaVM.framework/Versions/A/JavaVM
0x00000000095fd000 	/System/Library/Frameworks/Carbon.framework/Versions/A/Carbon
0x00000000095fd000 	/System/Library/PrivateFrameworks/JavaLaunching.framework/Versions/A/JavaLaunching
0x00000000095fd000 	/System/Library/Frameworks/Carbon.framework/Versions/A/Frameworks/CommonPanels.framework/Versions/A/CommonPanels
0x00000000095fd000 	/System/Library/Frameworks/Carbon.framework/Versions/A/Frameworks/Help.framework/Versions/A/Help
0x00000000095fd000 	/System/Library/Frameworks/Carbon.framework/Versions/A/Frameworks/ImageCapture.framework/Versions/A/ImageCapture
0x00000000095fd000 	/System/Library/Frameworks/Carbon.framework/Versions/A/Frameworks/OpenScripting.framework/Versions/A/OpenScripting
0x00000000095fd000 	/System/Library/Frameworks/Carbon.framework/Versions/A/Frameworks/Print.framework/Versions/A/Print
0x00000000095fd000 	/System/Library/Frameworks/Carbon.framework/Versions/A/Frameworks/SecurityHI.framework/Versions/A/SecurityHI
0x000000011315d000 	/Library/Java/JavaVirtualMachines/jdk1.8.0_65.jdk/Contents/Home/jre/lib/libdt_socket.dylib
0x0000000125674000 	/Library/Java/JavaVirtualMachines/jdk1.8.0_65.jdk/Contents/Home/jre/lib/libmanagement.dylib
0x0000000125682000 	/Library/Java/JavaVirtualMachines/jdk1.8.0_65.jdk/Contents/Home/jre/lib/libnet.dylib
0x00000001256e1000 	/Library/Java/JavaVirtualMachines/jdk1.8.0_65.jdk/Contents/Home/jre/lib/libnio.dylib

VM Arguments:
jvm_args: -agentlib:jdwp=transport=dt_socket,suspend=y,address=localhost:51904 -Dcom.sun.management.jmxremote -Dcom.sun.management.jmxremote.port=51903 -Dcom.sun.management.jmxremote.authenticate=false -Dcom.sun.management.jmxremote.ssl=false -Djava.rmi.server.hostname=localhost -Dspring.jmx.enabled=true -Dspring.application.admin.enabled=true -Djava.security.egd=file:/dev/./urandom -Xverify:none -XX:TieredStopAtLevel=1 -Dfile.encoding=UTF-8 
java_command: com.csi_system.backend.BackendApplication --spring.output.ansi.enabled=always
java_class_path (initial): /Users/mac/Documents/spring-tool-suite-4-4.2.1.RELEASE/workspace/backend/target/classes:/Users/mac/.m2/repository/org/springframework/boot/spring-boot-starter/2.1.5.RELEASE/spring-boot-starter-2.1.5.RELEASE.jar:/Users/mac/.m2/repository/org/springframework/boot/spring-boot/2.1.5.RELEASE/spring-boot-2.1.5.RELEASE.jar:/Users/mac/.m2/repository/org/springframework/spring-context/5.1.7.RELEASE/spring-context-5.1.7.RELEASE.jar:/Users/mac/.m2/repository/org/springframework/boot/spring-boot-autoconfigure/2.1.5.RELEASE/spring-boot-autoconfigure-2.1.5.RELEASE.jar:/Users/mac/.m2/repository/org/springframework/boot/spring-boot-starter-logging/2.1.5.RELEASE/spring-boot-starter-logging-2.1.5.RELEASE.jar:/Users/mac/.m2/repository/ch/qos/logback/logback-classic/1.2.3/logback-classic-1.2.3.jar:/Users/mac/.m2/repository/ch/qos/logback/logback-core/1.2.3/logback-core-1.2.3.jar:/Users/mac/.m2/repository/org/apache/logging/log4j/log4j-to-slf4j/2.11.2/log4j-to-slf4j-2.11.2.jar:/Users/mac/.m2/repository/org/apache/logging/log4j/log4j-api/2.11.2/log4j-api-2.11.2.jar:/Users/mac/.m2/repository/org/slf4j/jul-to-slf4j/1.7.26/jul-to-slf4j-1.7.26.jar:/Users/mac/.m2/repository/javax/annotation/javax.annotation-api/1.3.2/javax.annotation-api-1.3.2.jar:/Users/mac/.m2/repository/org/springframework/spring-core/5.1.7.RELEASE/spring-core-5.1.7.RELEASE.jar:/Users/mac/.m2/repository/org/springframework/spring-jcl/5.1.7.RELEASE/spring-jcl-5.1.7.RELEASE.jar:/Users/mac/.m2/repository/org/yaml/snakeyaml/1.23/snakeyaml-1.23.jar:/Users/mac/.m2/repository/org/slf4j/slf4j-api/1.7.26/slf4j-api-1.7.26.jar:/Users/mac/.m2/repository/net/bytebuddy/byte-buddy/1.9.12/byte-buddy-1.9.12.jar:/Users/mac/.m2/repository/org/springframework/boot/spring-boot-starter-actuator/2.1.5.RELEASE/spring-boot-starter-actuator-2.1.5.RELEASE.jar:/Users/mac/.m2/repository/org/springframework/boot/spring-boot-actuator-autoconfigure/2.1.5.RELEASE/spring-boot-actuator-autoconfigure-2.1.5.RELEASE.jar:/Users/mac/
Launcher Type: SUN_STANDARD

Environment Variables:
PATH=/usr/bin:/bin:/usr/sbin:/sbin
SHELL=/bin/bash
DISPLAY=/private/tmp/com.apple.launchd.wDI0L6ooeW/org.macosforge.xquartz:0

Signal Handlers:
SIGSEGV: [libjvm.dylib+0x5a6d31], sa_mask[0]=11111111011111110111111111111111, sa_flags=SA_ONSTACK|SA_RESTART|SA_SIGINFO
SIGBUS: [libjvm.dylib+0x5a6d31], sa_mask[0]=11111111011111110111111111111111, sa_flags=SA_RESTART|SA_SIGINFO
SIGFPE: [libjvm.dylib+0x480a40], sa_mask[0]=11111111011111110111111111111111, sa_flags=SA_RESTART|SA_SIGINFO
SIGPIPE: [libjvm.dylib+0x480a40], sa_mask[0]=11111111011111110111111111111111, sa_flags=SA_RESTART|SA_SIGINFO
SIGXFSZ: [libjvm.dylib+0x480a40], sa_mask[0]=11111111011111110111111111111111, sa_flags=SA_RESTART|SA_SIGINFO
SIGILL: [libjvm.dylib+0x480a40], sa_mask[0]=11111111011111110111111111111111, sa_flags=SA_RESTART|SA_SIGINFO
SIGUSR1: SIG_DFL, sa_mask[0]=00000000000000000000000000000000, sa_flags=none
SIGUSR2: [libjvm.dylib+0x48055e], sa_mask[0]=00100000000000000000000000000000, sa_flags=SA_RESTART|SA_SIGINFO
SIGHUP: [libjvm.dylib+0x47eb35], sa_mask[0]=11111111011111110111111111111111, sa_flags=SA_RESTART|SA_SIGINFO
SIGINT: [libjvm.dylib+0x47eb35], sa_mask[0]=11111111011111110111111111111111, sa_flags=SA_RESTART|SA_SIGINFO
SIGTERM: [libjvm.dylib+0x47eb35], sa_mask[0]=11111111011111110111111111111111, sa_flags=SA_RESTART|SA_SIGINFO
SIGQUIT: [libjvm.dylib+0x47eb35], sa_mask[0]=11111111011111110111111111111111, sa_flags=SA_RESTART|SA_SIGINFO


---------------  S Y S T E M  ---------------

OS:Bsduname:Darwin 18.5.0 Darwin Kernel Version 18.5.0: Mon Mar 11 20:40:32 PDT 2019; root:xnu-4903.251.3~3/RELEASE_X86_64 x86_64
rlimit: STACK 8192k, CORE 0k, NPROC 1418, NOFILE 10240, AS infinity
load average:2.03 2.16 2.21

CPU:total 8 (4 cores per cpu, 2 threads per core) family 6 model 58 stepping 9, cmov, cx8, fxsr, mmx, sse, sse2, sse3, ssse3, sse4.1, sse4.2, popcnt, avx, aes, clmul, erms, ht, tsc, tscinvbit, tscinv

Memory: 4k page, physical 16777216k(19372k free)

/proc/meminfo:


vm_info: Java HotSpot(TM) 64-Bit Server VM (25.65-b01) for bsd-amd64 JRE (1.8.0_65-b17), built on Oct  6 2015 15:36:46 by "java_re" with gcc 4.2.1 (Based on Apple Inc. build 5658) (LLVM build 2336.11.00)

time: Mon Jun  3 19:09:27 2019
elapsed time: 5975 seconds (0d 1h 39m 35s)

