#
# A fatal error has been detected by the Java Runtime Environment:
#
#  SIGSEGV (0xb) at pc=0x0000000106c46908, pid=97745, tid=14855
#
# JRE version: Java(TM) SE Runtime Environment (8.0_65-b17) (build 1.8.0_65-b17)
# Java VM: Java HotSpot(TM) 64-Bit Server VM (25.65-b01 mixed mode bsd-amd64 compressed oops)
# Problematic frame:
# V  [libjvm.dylib+0x446908]  Method::checked_resolve_jmethod_id(_jmethodID*)+0xe
#
# Failed to write core dump. Core dumps have been disabled. To enable core dumping, try "ulimit -c unlimited" before starting Java again
#
# If you would like to submit a bug report, please visit:
#   http://bugreport.java.com/bugreport/crash.jsp
#

---------------  T H R E A D  ---------------

Current thread (0x00007fdc4000e800):  JavaThread "JDWP Transport Listener: dt_socket" daemon [_thread_in_vm, id=14855, stack(0x0000700003aa8000,0x0000700003ba8000)]

siginfo: si_signo: 11 (SIGSEGV), si_code: 0 (unknown), si_addr: 0x0000000000000000

Registers:
RAX=0x0000000000000001, RBX=0x0000700003ba7aab, RCX=0x0000000107015310, RDX=0x0000700003ba7aab
RSP=0x0000700003ba79f0, RBP=0x0000700003ba7a00, RSI=0x00007fdc4000e800, RDI=0x6f6974634179726f
R8 =0x0000000000000005, R9 =0x00007fdc45054750, R10=0x0000000000000006, R11=0x0000000000000006
R12=0x00007fdc4000e800, R13=0x6f6974634179726f, R14=0x6f6974634179726f, R15=0x00007fdc41901280
RIP=0x0000000106c46908, EFLAGS=0x0000000000010206, ERR=0x0000000000000000
  TRAPNO=0x000000000000000d

Top of Stack: (sp=0x0000700003ba79f0)
0x0000700003ba79f0:   0000700003ba7aab 0000700003ba7aab
0x0000700003ba7a00:   0000700003ba7a60 0000000106b55a02
0x0000700003ba7a10:   00007fdc4000e800 0000000000000000
0x0000700003ba7a20:   0000000000000000 0000000000000000
0x0000700003ba7a30:   00007fdc4000e800 00007fdc4000e800
0x0000700003ba7a40:   0000700003ba7aab 0000700003ba7ab0
0x0000700003ba7a50:   6f6974634179726f 0000000000000006
0x0000700003ba7a60:   0000700003ba7a80 00000001077a9780
0x0000700003ba7a70:   0000000000000001 0000700003ba7b28
0x0000700003ba7a80:   0000700003ba7af0 000000010778e1f3
0x0000700003ba7a90:   0000700003ba7ac0 00007fdc4504f8a0
0x0000700003ba7aa0:   0000000700000032 0000000100ba7b28
0x0000700003ba7ab0:   0000000000000000 0000000000000000
0x0000700003ba7ac0:   0000000000000000 0000700003ba7cb0
0x0000700003ba7ad0:   00000001077b0e7a 00007fdc45049820
0x0000700003ba7ae0:   0000700003ba7b28 00000001077bc598
0x0000700003ba7af0:   0000700003ba7b00 000000010778e2ec
0x0000700003ba7b00:   0000700003ba7d20 0000000107797898
0x0000700003ba7b10:   00012ab800000013 00000000000f0200
0x0000700003ba7b20:   00007fdc45044c50 00007fdc450557da
0x0000700003ba7b30:   00000000000000ee 00007fdc446b0870
0x0000700003ba7b40:   000000000000012c 0000700003ba7b78
0x0000700003ba7b50:   00007fdc446b0870 00007f0000000000
0x0000700003ba7b60:   00012ab800000050 00007fdc00005180
0x0000700003ba7b70:   0000700003ba7b78 dc7f000007000000
0x0000700003ba7b80:   0b00000028db1045 73556c6c41746567
0x0000700003ba7b90:   2816000000737265 6c2f6176616a4c29
0x0000700003ba7ba0:   726574492f676e61 0000003b656c6261
0x0000700003ba7bb0:   6176616a4c292839 74492f676e616c2f
0x0000700003ba7bc0:   4c3c656c62617265 5f6973632f6d6f63
0x0000700003ba7bd0:   622f6d6574737973 532f646e656b6361
0x0000700003ba7be0:   3b61746144706f68 0000010000003b3e 

Instructions: (pc=0x0000000106c46908)
0x0000000106c468e8:   40 48 48 85 c0 75 e0 30 c0 0f b6 c0 5d c3 31 c0
0x0000000106c468f8:   5d c3 55 48 89 e5 53 48 83 ec 08 48 85 ff 74 24
0x0000000106c46908:   48 8b 1f 48 85 db 74 1c 48 83 fb 37 74 16 48 8b
0x0000000106c46918:   03 48 89 df ff 50 10 84 c0 b8 00 00 00 00 48 0f 

Register to memory mapping:

RAX=0x0000000000000001 is an unknown value
RBX=0x0000700003ba7aab is pointing into the stack for thread: 0x00007fdc4000e800
RCX=0x0000000107015310: UseMembar+0 in /Library/Java/JavaVirtualMachines/jdk1.8.0_65.jdk/Contents/Home/jre/lib/server/libjvm.dylib at 0x0000000106800000
RDX=0x0000700003ba7aab is pointing into the stack for thread: 0x00007fdc4000e800
RSP=0x0000700003ba79f0 is pointing into the stack for thread: 0x00007fdc4000e800
RBP=0x0000700003ba7a00 is pointing into the stack for thread: 0x00007fdc4000e800
RSI=0x00007fdc4000e800 is a thread
RDI=0x6f6974634179726f is an unknown value
R8 =0x0000000000000005 is an unknown value
R9 =0x00007fdc45054750 is an unknown value
R10=0x0000000000000006 is an unknown value
R11=0x0000000000000006 is an unknown value
R12=0x00007fdc4000e800 is a thread
R13=0x6f6974634179726f is an unknown value
R14=0x6f6974634179726f is an unknown value
R15=0x00007fdc41901280 is an unknown value


Stack: [0x0000700003aa8000,0x0000700003ba8000],  sp=0x0000700003ba79f0,  free space=1022k
Native frames: (J=compiled Java code, j=interpreted, Vv=VM code, C=native code)
V  [libjvm.dylib+0x446908]  Method::checked_resolve_jmethod_id(_jmethodID*)+0xe
V  [libjvm.dylib+0x355a02]  jvmti_IsMethodSynthetic+0xb2
C  [libjdwp.dylib+0x20780]  isMethodSynthetic+0x63
C  [libjdwp.dylib+0x51f3]  methods1+0x10b
C  [libjdwp.dylib+0x52ec]  methodsWithGeneric+0xe
C  [libjdwp.dylib+0xe898]  debugLoop_run+0x1ce
C  [libjdwp.dylib+0x1f6ba]  attachThread+0x4d
V  [libjvm.dylib+0x396d60]  JvmtiAgentThread::call_start_function()+0x38
V  [libjvm.dylib+0x5612d3]  JavaThread::thread_main_inner()+0x9b
V  [libjvm.dylib+0x5629ce]  JavaThread::run()+0x1c2
V  [libjvm.dylib+0x48342e]  java_start(Thread*)+0xf6
C  [libsystem_pthread.dylib+0x32eb]  _pthread_body+0x7e
C  [libsystem_pthread.dylib+0x6249]  _pthread_start+0x42
C  [libsystem_pthread.dylib+0x240d]  thread_start+0xd
C  0x0000000000000000


---------------  P R O C E S S  ---------------

Java Threads: ( => current thread )
  0x00007fdc4382b000 JavaThread "HikariPool-5 connection adder" daemon [_thread_blocked, id=28179, stack(0x00007000050ea000,0x00007000051ea000)]
  0x00007fdc4201a000 JavaThread "HikariPool-5 housekeeper" daemon [_thread_blocked, id=30483, stack(0x0000700004fe7000,0x00007000050e7000)]
  0x00007fdc3fb0e800 JavaThread "container-0" [_thread_blocked, id=26643, stack(0x0000700004ee4000,0x0000700004fe4000)]
  0x00007fdc40d04800 JavaThread "Catalina-utility-2" [_thread_blocked, id=40983, stack(0x0000700004de1000,0x0000700004ee1000)]
  0x00007fdc40fcf000 JavaThread "Catalina-utility-1" [_thread_blocked, id=34319, stack(0x0000700004bdb000,0x0000700004cdb000)]
  0x00007fdc42019000 JavaThread "restartedMain" [_thread_blocked, id=35351, stack(0x0000700004ad8000,0x0000700004bd8000)]
  0x00007fdc40d03800 JavaThread "Thread-33" [_thread_blocked, id=29203, stack(0x00007000046cc000,0x00007000047cc000)]
  0x00007fdc4282b000 JavaThread "RMI TCP Connection(22)-127.0.0.1" daemon [_thread_in_native, id=42255, stack(0x0000700006423000,0x0000700006523000)]
  0x00007fdc42018000 JavaThread "RMI TCP Connection(idle)" daemon [_thread_blocked, id=24851, stack(0x0000700006320000,0x0000700006420000)]
  0x00007fdc41432000 JavaThread "RMI TCP Connection(idle)" daemon [_thread_blocked, id=29967, stack(0x000070000621d000,0x000070000631d000)]
  0x00007fdc40343800 JavaThread "DestroyJavaVM" [_thread_blocked, id=9731, stack(0x0000700002d81000,0x0000700002e81000)]
  0x00007fdc41523000 JavaThread "Live Reload Server" daemon [_thread_in_native, id=27399, stack(0x00007000053f3000,0x00007000054f3000)]
  0x00007fdc41395800 JavaThread "mysql-cj-abandoned-connection-cleanup" daemon [_thread_blocked, id=25351, stack(0x0000700004cde000,0x0000700004dde000)]
  0x00007fdc42807000 JavaThread "JMX server connection timeout 20" daemon [_thread_blocked, id=24323, stack(0x00007000049d5000,0x0000700004ad5000)]
  0x00007fdc40139000 JavaThread "RMI TCP Connection(idle)" daemon [_thread_blocked, id=41475, stack(0x00007000048d2000,0x00007000049d2000)]
  0x00007fdc40142800 JavaThread "RMI Scheduler(0)" daemon [_thread_blocked, id=23811, stack(0x00007000047cf000,0x00007000048cf000)]
  0x00007fdc40b0c800 JavaThread "RMI TCP Accept-0" daemon [_thread_in_native, id=23043, stack(0x00007000044c6000,0x00007000045c6000)]
  0x00007fdc40b03800 JavaThread "RMI TCP Accept-50789" daemon [_thread_in_native, id=22531, stack(0x00007000043c3000,0x00007000044c3000)]
  0x00007fdc400b4000 JavaThread "RMI TCP Accept-0" daemon [_thread_in_native, id=43011, stack(0x00007000042c0000,0x00007000043c0000)]
  0x00007fdc41042000 JavaThread "Service Thread" daemon [_thread_blocked, id=22275, stack(0x00007000041bd000,0x00007000042bd000)]
  0x00007fdc3f829800 JavaThread "C1 CompilerThread3" daemon [_thread_blocked, id=21763, stack(0x00007000040ba000,0x00007000041ba000)]
  0x00007fdc3f828800 JavaThread "C2 CompilerThread2" daemon [_thread_blocked, id=16131, stack(0x0000700003fb7000,0x00007000040b7000)]
  0x00007fdc3f827000 JavaThread "C2 CompilerThread1" daemon [_thread_blocked, id=16643, stack(0x0000700003eb4000,0x0000700003fb4000)]
  0x00007fdc41043000 JavaThread "C2 CompilerThread0" daemon [_thread_blocked, id=17155, stack(0x0000700003db1000,0x0000700003eb1000)]
  0x00007fdc41033000 JavaThread "JDWP Command Reader" daemon [_thread_in_native, id=15619, stack(0x0000700003cae000,0x0000700003dae000)]
  0x00007fdc40023800 JavaThread "JDWP Event Helper Thread" daemon [_thread_blocked, id=15363, stack(0x0000700003bab000,0x0000700003cab000)]
=>0x00007fdc4000e800 JavaThread "JDWP Transport Listener: dt_socket" daemon [_thread_in_vm, id=14855, stack(0x0000700003aa8000,0x0000700003ba8000)]
  0x00007fdc41032800 JavaThread "Signal Dispatcher" daemon [_thread_blocked, id=18179, stack(0x00007000039a5000,0x0000700003aa5000)]
  0x00007fdc40815000 JavaThread "Finalizer" daemon [_thread_blocked, id=13315, stack(0x00007000038a2000,0x00007000039a2000)]
  0x00007fdc40007800 JavaThread "Reference Handler" daemon [_thread_blocked, id=12803, stack(0x000070000379f000,0x000070000389f000)]

Other Threads:
  0x00007fdc3f810000 VMThread [stack: 0x000070000369c000,0x000070000379c000] [id=19715]
  0x00007fdc40b0d000 WatcherThread [stack: 0x00007000045c9000,0x00007000046c9000] [id=42499]

VM state:synchronizing (normal execution)

VM Mutex/Monitor currently owned by a thread:  ([mutex/lock_event])
[0x00007fdc41902820] Threads_lock - owner thread: 0x00007fdc3f810000

Heap:
 PSYoungGen      total 301056K, used 215839K [0x000000076ab00000, 0x000000077fa00000, 0x00000007c0000000)
  eden space 292864K, 73% used [0x000000076ab00000,0x0000000777dc7dc8,0x000000077c900000)
  from space 8192K, 0% used [0x000000077c900000,0x000000077c900000,0x000000077d100000)
  to   space 25088K, 0% used [0x000000077e180000,0x000000077e180000,0x000000077fa00000)
 ParOldGen       total 246784K, used 50489K [0x00000006c0000000, 0x00000006cf100000, 0x000000076ab00000)
  object space 246784K, 20% used [0x00000006c0000000,0x00000006c314e640,0x00000006cf100000)
 Metaspace       used 59749K, capacity 63912K, committed 64216K, reserved 1103872K
  class space    used 8374K, capacity 9129K, committed 9216K, reserved 1048576K

Card table byte_map: [0x0000000107be5000,0x00000001083e6000] byte_map_base: 0x00000001045e5000

Marking Bits: (ParMarkBitMap*) 0x00000001070dee20
 Begin Bits: [0x000000011dbb9000, 0x0000000121bb9000)
 End Bits:   [0x0000000121bb9000, 0x0000000125bb9000)

Polling page: 0x00000001057f8000

CodeCache: size=245760Kb used=14668Kb max_used=14668Kb free=231091Kb
 bounds [0x000000010ebb9000, 0x000000010fa19000, 0x000000011dbb9000]
 total_blobs=8089 nmethods=7564 adapters=445
 compilation: enabled

Compilation events (10 events):
Event: 246.032 Thread 0x00007fdc3f829800 7705       1       org.springframework.boot.actuate.endpoint.annotation.EndpointDiscoverer::getLast (26 bytes)
Event: 246.033 Thread 0x00007fdc3f829800 nmethod 7705 0x000000010fa10950 code [0x000000010fa10ae0, 0x000000010fa10cc8]
Event: 246.035 Thread 0x00007fdc3f829800 7706       1       javax.management.modelmbean.DescriptorSupport::<init> (40 bytes)
Event: 246.036 Thread 0x00007fdc3f829800 nmethod 7706 0x000000010fa10d90 code [0x000000010fa10f20, 0x000000010fa11218]
Event: 246.036 Thread 0x00007fdc3f829800 7707       1       javax.management.modelmbean.DescriptorSupport::init (29 bytes)
Event: 246.036 Thread 0x00007fdc3f829800 nmethod 7707 0x000000010fa113d0 code [0x000000010fa11540, 0x000000010fa11728]
Event: 246.036 Thread 0x00007fdc3f829800 7708       1       org.springframework.boot.actuate.endpoint.AbstractExposableEndpoint::getOperations (5 bytes)
Event: 246.036 Thread 0x00007fdc3f829800 nmethod 7708 0x000000010fa117d0 code [0x000000010fa11920, 0x000000010fa11a30]
Event: 246.036 Thread 0x00007fdc3f829800 7709       1       java.util.Spliterators$EmptySpliterator::estimateSize (2 bytes)
Event: 246.036 Thread 0x00007fdc3f829800 nmethod 7709 0x000000010fa11a90 code [0x000000010fa11be0, 0x000000010fa11cf0]

GC Heap History (10 events):
Event: 98.392 GC heap before
{Heap before GC invocations=18 (full 5):
 PSYoungGen      total 302592K, used 9335K [0x000000076ab00000, 0x000000077fd00000, 0x00000007c0000000)
  eden space 292864K, 0% used [0x000000076ab00000,0x000000076ab00000,0x000000077c900000)
  from space 9728K, 95% used [0x000000077c900000,0x000000077d21dd28,0x000000077d280000)
  to   space 26624K, 0% used [0x000000077e300000,0x000000077e300000,0x000000077fd00000)
 ParOldGen       total 246784K, used 37214K [0x00000006c0000000, 0x00000006cf100000, 0x000000076ab00000)
  object space 246784K, 15% used [0x00000006c0000000,0x00000006c24578e8,0x00000006cf100000)
 Metaspace       used 58846K, capacity 62794K, committed 63064K, reserved 1103872K
  class space    used 8297K, capacity 8978K, committed 9088K, reserved 1048576K
Event: 98.708 GC heap after
Heap after GC invocations=18 (full 5):
 PSYoungGen      total 302592K, used 0K [0x000000076ab00000, 0x000000077fd00000, 0x00000007c0000000)
  eden space 292864K, 0% used [0x000000076ab00000,0x000000076ab00000,0x000000077c900000)
  from space 9728K, 0% used [0x000000077c900000,0x000000077c900000,0x000000077d280000)
  to   space 26624K, 0% used [0x000000077e300000,0x000000077e300000,0x000000077fd00000)
 ParOldGen       total 246784K, used 43280K [0x00000006c0000000, 0x00000006cf100000, 0x000000076ab00000)
  object space 246784K, 17% used [0x00000006c0000000,0x00000006c2a441b8,0x00000006cf100000)
 Metaspace       used 58846K, capacity 62794K, committed 63064K, reserved 1103872K
  class space    used 8297K, capacity 8978K, committed 9088K, reserved 1048576K
}
Event: 200.949 GC heap before
{Heap before GC invocations=19 (full 5):
 PSYoungGen      total 302592K, used 264669K [0x000000076ab00000, 0x000000077fd00000, 0x00000007c0000000)
  eden space 292864K, 90% used [0x000000076ab00000,0x000000077ad77680,0x000000077c900000)
  from space 9728K, 0% used [0x000000077c900000,0x000000077c900000,0x000000077d280000)
  to   space 26624K, 0% used [0x000000077e300000,0x000000077e300000,0x000000077fd00000)
 ParOldGen       total 246784K, used 43280K [0x00000006c0000000, 0x00000006cf100000, 0x000000076ab00000)
  object space 246784K, 17% used [0x00000006c0000000,0x00000006c2a441b8,0x00000006cf100000)
 Metaspace       used 59137K, capacity 63164K, committed 63320K, reserved 1103872K
  class space    used 8322K, capacity 9028K, committed 9088K, reserved 1048576K
Event: 200.960 GC heap after
Heap after GC invocations=19 (full 5):
 PSYoungGen      total 317440K, used 8046K [0x000000076ab00000, 0x000000077fb00000, 0x00000007c0000000)
  eden space 292864K, 0% used [0x000000076ab00000,0x000000076ab00000,0x000000077c900000)
  from space 24576K, 32% used [0x000000077e300000,0x000000077eadb958,0x000000077fb00000)
  to   space 25600K, 0% used [0x000000077c900000,0x000000077c900000,0x000000077e200000)
 ParOldGen       total 246784K, used 43288K [0x00000006c0000000, 0x00000006cf100000, 0x000000076ab00000)
  object space 246784K, 17% used [0x00000006c0000000,0x00000006c2a461b8,0x00000006cf100000)
 Metaspace       used 59137K, capacity 63164K, committed 63320K, reserved 1103872K
  class space    used 8322K, capacity 9028K, committed 9088K, reserved 1048576K
}
Event: 200.960 GC heap before
{Heap before GC invocations=20 (full 6):
 PSYoungGen      total 317440K, used 8046K [0x000000076ab00000, 0x000000077fb00000, 0x00000007c0000000)
  eden space 292864K, 0% used [0x000000076ab00000,0x000000076ab00000,0x000000077c900000)
  from space 24576K, 32% used [0x000000077e300000,0x000000077eadb958,0x000000077fb00000)
  to   space 25600K, 0% used [0x000000077c900000,0x000000077c900000,0x000000077e200000)
 ParOldGen       total 246784K, used 43288K [0x00000006c0000000, 0x00000006cf100000, 0x000000076ab00000)
  object space 246784K, 17% used [0x00000006c0000000,0x00000006c2a461b8,0x00000006cf100000)
 Metaspace       used 59137K, capacity 63164K, committed 63320K, reserved 1103872K
  class space    used 8322K, capacity 9028K, committed 9088K, reserved 1048576K
Event: 201.258 GC heap after
Heap after GC invocations=20 (full 6):
 PSYoungGen      total 317440K, used 0K [0x000000076ab00000, 0x000000077fb00000, 0x00000007c0000000)
  eden space 292864K, 0% used [0x000000076ab00000,0x000000076ab00000,0x000000077c900000)
  from space 24576K, 0% used [0x000000077e300000,0x000000077e300000,0x000000077fb00000)
  to   space 25600K, 0% used [0x000000077c900000,0x000000077c900000,0x000000077e200000)
 ParOldGen       total 246784K, used 46805K [0x00000006c0000000, 0x00000006cf100000, 0x000000076ab00000)
  object space 246784K, 18% used [0x00000006c0000000,0x00000006c2db55f0,0x00000006cf100000)
 Metaspace       used 59137K, capacity 63164K, committed 63320K, reserved 1103872K
  class space    used 8322K, capacity 9028K, committed 9088K, reserved 1048576K
}
Event: 243.986 GC heap before
{Heap before GC invocations=21 (full 6):
 PSYoungGen      total 317440K, used 251634K [0x000000076ab00000, 0x000000077fb00000, 0x00000007c0000000)
  eden space 292864K, 85% used [0x000000076ab00000,0x000000077a0bc928,0x000000077c900000)
  from space 24576K, 0% used [0x000000077e300000,0x000000077e300000,0x000000077fb00000)
  to   space 25600K, 0% used [0x000000077c900000,0x000000077c900000,0x000000077e200000)
 ParOldGen       total 246784K, used 46805K [0x00000006c0000000, 0x00000006cf100000, 0x000000076ab00000)
  object space 246784K, 18% used [0x00000006c0000000,0x00000006c2db55f0,0x00000006cf100000)
 Metaspace       used 59449K, capacity 63560K, committed 63576K, reserved 1103872K
  class space    used 8350K, capacity 9083K, committed 9088K, reserved 1048576K
Event: 243.994 GC heap after
Heap after GC invocations=21 (full 6):
 PSYoungGen      total 301056K, used 8030K [0x000000076ab00000, 0x000000077fa00000, 0x00000007c0000000)
  eden space 292864K, 0% used [0x000000076ab00000,0x000000076ab00000,0x000000077c900000)
  from space 8192K, 98% used [0x000000077c900000,0x000000077d0d7968,0x000000077d100000)
  to   space 25088K, 0% used [0x000000077e180000,0x000000077e180000,0x000000077fa00000)
 ParOldGen       total 246784K, used 46813K [0x00000006c0000000, 0x00000006cf100000, 0x000000076ab00000)
  object space 246784K, 18% used [0x00000006c0000000,0x00000006c2db75f0,0x00000006cf100000)
 Metaspace       used 59449K, capacity 63560K, committed 63576K, reserved 1103872K
  class space    used 8350K, capacity 9083K, committed 9088K, reserved 1048576K
}
Event: 243.994 GC heap before
{Heap before GC invocations=22 (full 7):
 PSYoungGen      total 301056K, used 8030K [0x000000076ab00000, 0x000000077fa00000, 0x00000007c0000000)
  eden space 292864K, 0% used [0x000000076ab00000,0x000000076ab00000,0x000000077c900000)
  from space 8192K, 98% used [0x000000077c900000,0x000000077d0d7968,0x000000077d100000)
  to   space 25088K, 0% used [0x000000077e180000,0x000000077e180000,0x000000077fa00000)
 ParOldGen       total 246784K, used 46813K [0x00000006c0000000, 0x00000006cf100000, 0x000000076ab00000)
  object space 246784K, 18% used [0x00000006c0000000,0x00000006c2db75f0,0x00000006cf100000)
 Metaspace       used 59449K, capacity 63560K, committed 63576K, reserved 1103872K
  class space    used 8350K, capacity 9083K, committed 9088K, reserved 1048576K
Event: 244.303 GC heap after
Heap after GC invocations=22 (full 7):
 PSYoungGen      total 301056K, used 0K [0x000000076ab00000, 0x000000077fa00000, 0x00000007c0000000)
  eden space 292864K, 0% used [0x000000076ab00000,0x000000076ab00000,0x000000077c900000)
  from space 8192K, 0% used [0x000000077c900000,0x000000077c900000,0x000000077d100000)
  to   space 25088K, 0% used [0x000000077e180000,0x000000077e180000,0x000000077fa00000)
 ParOldGen       total 246784K, used 50489K [0x00000006c0000000, 0x00000006cf100000, 0x000000076ab00000)
  object space 246784K, 20% used [0x00000006c0000000,0x00000006c314e640,0x00000006cf100000)
 Metaspace       used 59449K, capacity 63560K, committed 63576K, reserved 1103872K
  class space    used 8350K, capacity 9083K, committed 9088K, reserved 1048576K
}

Deoptimization events (0 events):
No events

Internal exceptions (10 events):
Event: 245.998 Thread 0x00007fdc42019000 Exception <a 'java/lang/ArrayIndexOutOfBoundsException'> (0x00000007779639d8) thrown at [/Users/java_re/workspace/8-2-build-macosx-x86_64/jdk8u65/4987/hotspot/src/share/vm/runtime/sharedRuntime.cpp, line 605]
Event: 245.998 Thread 0x00007fdc42019000 Exception <a 'java/lang/ArrayIndexOutOfBoundsException'> (0x0000000777966618) thrown at [/Users/java_re/workspace/8-2-build-macosx-x86_64/jdk8u65/4987/hotspot/src/share/vm/runtime/sharedRuntime.cpp, line 605]
Event: 246.042 Thread 0x00007fdc42019000 Exception <a 'java/lang/ArrayIndexOutOfBoundsException'> (0x0000000777b00180) thrown at [/Users/java_re/workspace/8-2-build-macosx-x86_64/jdk8u65/4987/hotspot/src/share/vm/runtime/sharedRuntime.cpp, line 605]
Event: 246.042 Thread 0x00007fdc42019000 Exception <a 'java/lang/ArrayIndexOutOfBoundsException'> (0x0000000777b02b68) thrown at [/Users/java_re/workspace/8-2-build-macosx-x86_64/jdk8u65/4987/hotspot/src/share/vm/runtime/sharedRuntime.cpp, line 605]
Event: 246.042 Thread 0x00007fdc42019000 Exception <a 'java/lang/ArrayIndexOutOfBoundsException'> (0x0000000777b059f8) thrown at [/Users/java_re/workspace/8-2-build-macosx-x86_64/jdk8u65/4987/hotspot/src/share/vm/runtime/sharedRuntime.cpp, line 605]
Event: 246.042 Thread 0x00007fdc42019000 Exception <a 'java/lang/ArrayIndexOutOfBoundsException'> (0x0000000777b08638) thrown at [/Users/java_re/workspace/8-2-build-macosx-x86_64/jdk8u65/4987/hotspot/src/share/vm/runtime/sharedRuntime.cpp, line 605]
Event: 246.043 Thread 0x00007fdc42019000 Exception <a 'java/lang/ArrayIndexOutOfBoundsException'> (0x0000000777b1a100) thrown at [/Users/java_re/workspace/8-2-build-macosx-x86_64/jdk8u65/4987/hotspot/src/share/vm/runtime/sharedRuntime.cpp, line 605]
Event: 246.071 Thread 0x00007fdc42019000 Exception <a 'java/lang/ArrayIndexOutOfBoundsException'> (0x0000000777bf81b8) thrown at [/Users/java_re/workspace/8-2-build-macosx-x86_64/jdk8u65/4987/hotspot/src/share/vm/runtime/sharedRuntime.cpp, line 605]
Event: 246.071 Thread 0x00007fdc42019000 Exception <a 'java/lang/ArrayIndexOutOfBoundsException'> (0x0000000777c007e8) thrown at [/Users/java_re/workspace/8-2-build-macosx-x86_64/jdk8u65/4987/hotspot/src/share/vm/runtime/sharedRuntime.cpp, line 605]
Event: 246.071 Thread 0x00007fdc42019000 Exception <a 'java/lang/ArrayIndexOutOfBoundsException'> (0x0000000777c055e0) thrown at [/Users/java_re/workspace/8-2-build-macosx-x86_64/jdk8u65/4987/hotspot/src/share/vm/runtime/sharedRuntime.cpp, line 605]

Events (10 events):
Event: 246.276 Thread 0x00007fdc42019000 DEOPT PACKING pc=0x000000010f0111a4 sp=0x0000700004bd5e40
Event: 246.276 Thread 0x00007fdc42019000 DEOPT UNPACKING pc=0x000000010ec00633 sp=0x0000700004bd5c00 mode 1
Event: 246.277 Thread 0x00007fdc42019000 DEOPT PACKING pc=0x000000010f5f5b3c sp=0x0000700004bd5f10
Event: 246.277 Thread 0x00007fdc42019000 DEOPT UNPACKING pc=0x000000010ec00633 sp=0x0000700004bd5cb8 mode 1
Event: 246.277 Thread 0x00007fdc42019000 DEOPT PACKING pc=0x000000010f0111a4 sp=0x0000700004bd5e40
Event: 246.277 Thread 0x00007fdc42019000 DEOPT UNPACKING pc=0x000000010ec00633 sp=0x0000700004bd5c00 mode 1
Event: 246.277 Thread 0x00007fdc42019000 DEOPT PACKING pc=0x000000010f5f5b3c sp=0x0000700004bd5f10
Event: 246.277 Thread 0x00007fdc42019000 DEOPT UNPACKING pc=0x000000010ec00633 sp=0x0000700004bd5cb8 mode 1
Event: 246.278 Executing VM operation: RevokeBias
Event: 246.279 Executing VM operation: RevokeBias done


Dynamic libraries:
0x00000000095fd000 	/System/Library/Frameworks/Cocoa.framework/Versions/A/Cocoa
0x00000000095fd000 	/System/Library/Frameworks/Security.framework/Versions/A/Security
0x00000000095fd000 	/System/Library/Frameworks/ApplicationServices.framework/Versions/A/ApplicationServices
0x00000000095fd000 	/usr/lib/libz.1.dylib
0x00000000095fd000 	/usr/lib/libSystem.B.dylib
0x00000000095fd000 	/usr/lib/libobjc.A.dylib
0x00000000095fd000 	/System/Library/Frameworks/CoreFoundation.framework/Versions/A/CoreFoundation
0x00000000095fd000 	/System/Library/Frameworks/Foundation.framework/Versions/C/Foundation
0x00000000095fd000 	/System/Library/Frameworks/AppKit.framework/Versions/C/AppKit
0x00000000095fd000 	/System/Library/Frameworks/CoreData.framework/Versions/A/CoreData
0x00000000095fd000 	/System/Library/PrivateFrameworks/RemoteViewServices.framework/Versions/A/RemoteViewServices
0x00000000095fd000 	/System/Library/PrivateFrameworks/UIFoundation.framework/Versions/A/UIFoundation
0x00000000095fd000 	/System/Library/PrivateFrameworks/XCTTargetBootstrap.framework/Versions/A/XCTTargetBootstrap
0x00000000095fd000 	/System/Library/PrivateFrameworks/IconServices.framework/Versions/A/IconServices
0x00000000095fd000 	/System/Library/Frameworks/Metal.framework/Versions/A/Metal
0x00000000095fd000 	/System/Library/PrivateFrameworks/DesktopServicesPriv.framework/Versions/A/DesktopServicesPriv
0x00000000095fd000 	/usr/lib/libenergytrace.dylib
0x00000000095fd000 	/System/Library/PrivateFrameworks/SkyLight.framework/Versions/A/SkyLight
0x00000000095fd000 	/System/Library/Frameworks/CoreGraphics.framework/Versions/A/CoreGraphics
0x00000000095fd000 	/System/Library/Frameworks/Accelerate.framework/Versions/A/Accelerate
0x00000000095fd000 	/System/Library/Frameworks/IOSurface.framework/Versions/A/IOSurface
0x00000000095fd000 	/System/Library/PrivateFrameworks/DFRFoundation.framework/Versions/A/DFRFoundation
0x00000000095fd000 	/System/Library/Frameworks/AudioToolbox.framework/Versions/A/AudioToolbox
0x00000000095fd000 	/System/Library/Frameworks/AudioUnit.framework/Versions/A/AudioUnit
0x00000000095fd000 	/System/Library/PrivateFrameworks/DataDetectorsCore.framework/Versions/A/DataDetectorsCore
0x00000000095fd000 	/System/Library/Frameworks/Carbon.framework/Versions/A/Frameworks/HIToolbox.framework/Versions/A/HIToolbox
0x00000000095fd000 	/usr/lib/libicucore.A.dylib
0x00000000095fd000 	/System/Library/Frameworks/QuartzCore.framework/Versions/A/QuartzCore
0x00000000095fd000 	/System/Library/Frameworks/Carbon.framework/Versions/A/Frameworks/SpeechRecognition.framework/Versions/A/SpeechRecognition
0x00000000095fd000 	/usr/lib/libauto.dylib
0x00000000095fd000 	/usr/lib/libxml2.2.dylib
0x00000000095fd000 	/System/Library/PrivateFrameworks/CoreUI.framework/Versions/A/CoreUI
0x00000000095fd000 	/System/Library/Frameworks/CoreAudio.framework/Versions/A/CoreAudio
0x00000000095fd000 	/System/Library/Frameworks/DiskArbitration.framework/Versions/A/DiskArbitration
0x00000000095fd000 	/usr/lib/liblangid.dylib
0x00000000095fd000 	/System/Library/PrivateFrameworks/MultitouchSupport.framework/Versions/A/MultitouchSupport
0x00000000095fd000 	/System/Library/Frameworks/IOKit.framework/Versions/A/IOKit
0x00000000095fd000 	/usr/lib/libDiagnosticMessagesClient.dylib
0x00000000095fd000 	/System/Library/Frameworks/CoreServices.framework/Versions/A/CoreServices
0x00000000095fd000 	/System/Library/PrivateFrameworks/PerformanceAnalysis.framework/Versions/A/PerformanceAnalysis
0x00000000095fd000 	/System/Library/Frameworks/OpenGL.framework/Versions/A/OpenGL
0x00000000095fd000 	/System/Library/Frameworks/ColorSync.framework/Versions/A/ColorSync
0x00000000095fd000 	/System/Library/Frameworks/CoreImage.framework/Versions/A/CoreImage
0x00000000095fd000 	/System/Library/Frameworks/CoreText.framework/Versions/A/CoreText
0x00000000095fd000 	/System/Library/Frameworks/ImageIO.framework/Versions/A/ImageIO
0x00000000095fd000 	/System/Library/PrivateFrameworks/Backup.framework/Versions/A/Backup
0x00000000095fd000 	/usr/lib/libarchive.2.dylib
0x00000000095fd000 	/System/Library/Frameworks/CFNetwork.framework/Versions/A/CFNetwork
0x00000000095fd000 	/System/Library/Frameworks/SystemConfiguration.framework/Versions/A/SystemConfiguration
0x00000000095fd000 	/usr/lib/libCRFSuite.dylib
0x00000000095fd000 	/usr/lib/libc++.1.dylib
0x00000000095fd000 	/usr/lib/libc++abi.dylib
0x00000000095fd000 	/usr/lib/system/libcache.dylib
0x00000000095fd000 	/usr/lib/system/libcommonCrypto.dylib
0x00000000095fd000 	/usr/lib/system/libcompiler_rt.dylib
0x00000000095fd000 	/usr/lib/system/libcopyfile.dylib
0x00000000095fd000 	/usr/lib/system/libcorecrypto.dylib
0x00000000095fd000 	/usr/lib/system/libdispatch.dylib
0x00000000095fd000 	/usr/lib/system/libdyld.dylib
0x00000000095fd000 	/usr/lib/system/libkeymgr.dylib
0x00000000095fd000 	/usr/lib/system/liblaunch.dylib
0x00000000095fd000 	/usr/lib/system/libmacho.dylib
0x00000000095fd000 	/usr/lib/system/libquarantine.dylib
0x00000000095fd000 	/usr/lib/system/libremovefile.dylib
0x00000000095fd000 	/usr/lib/system/libsystem_asl.dylib
0x00000000095fd000 	/usr/lib/system/libsystem_blocks.dylib
0x00000000095fd000 	/usr/lib/system/libsystem_c.dylib
0x00000000095fd000 	/usr/lib/system/libsystem_configuration.dylib
0x00000000095fd000 	/usr/lib/system/libsystem_coreservices.dylib
0x00000000095fd000 	/usr/lib/system/libsystem_darwin.dylib
0x00000000095fd000 	/usr/lib/system/libsystem_dnssd.dylib
0x00000000095fd000 	/usr/lib/system/libsystem_info.dylib
0x00000000095fd000 	/usr/lib/system/libsystem_m.dylib
0x00000000095fd000 	/usr/lib/system/libsystem_malloc.dylib
0x00000000095fd000 	/usr/lib/system/libsystem_networkextension.dylib
0x00000000095fd000 	/usr/lib/system/libsystem_notify.dylib
0x00000000095fd000 	/usr/lib/system/libsystem_sandbox.dylib
0x00000000095fd000 	/usr/lib/system/libsystem_secinit.dylib
0x00000000095fd000 	/usr/lib/system/libsystem_kernel.dylib
0x00000000095fd000 	/usr/lib/system/libsystem_platform.dylib
0x00000000095fd000 	/usr/lib/system/libsystem_pthread.dylib
0x00000000095fd000 	/usr/lib/system/libsystem_symptoms.dylib
0x00000000095fd000 	/usr/lib/system/libsystem_trace.dylib
0x00000000095fd000 	/usr/lib/system/libunwind.dylib
0x00000000095fd000 	/usr/lib/system/libxpc.dylib
0x00000000095fd000 	/usr/lib/libbsm.0.dylib
0x00000000095fd000 	/usr/lib/system/libkxld.dylib
0x00000000095fd000 	/System/Library/PrivateFrameworks/AppleFSCompression.framework/Versions/A/AppleFSCompression
0x00000000095fd000 	/usr/lib/libOpenScriptingUtil.dylib
0x00000000095fd000 	/usr/lib/libcoretls.dylib
0x00000000095fd000 	/usr/lib/libcoretls_cfhelpers.dylib
0x00000000095fd000 	/usr/lib/libpam.2.dylib
0x00000000095fd000 	/usr/lib/libsqlite3.dylib
0x00000000095fd000 	/usr/lib/libxar.1.dylib
0x00000000095fd000 	/usr/lib/libbz2.1.0.dylib
0x00000000095fd000 	/usr/lib/liblzma.5.dylib
0x00000000095fd000 	/usr/lib/libnetwork.dylib
0x00000000095fd000 	/usr/lib/libapple_nghttp2.dylib
0x00000000095fd000 	/usr/lib/libpcap.A.dylib
0x00000000095fd000 	/System/Library/Frameworks/CoreServices.framework/Versions/A/Frameworks/FSEvents.framework/Versions/A/FSEvents
0x00000000095fd000 	/System/Library/Frameworks/CoreServices.framework/Versions/A/Frameworks/CarbonCore.framework/Versions/A/CarbonCore
0x00000000095fd000 	/System/Library/Frameworks/CoreServices.framework/Versions/A/Frameworks/Metadata.framework/Versions/A/Metadata
0x00000000095fd000 	/System/Library/Frameworks/CoreServices.framework/Versions/A/Frameworks/OSServices.framework/Versions/A/OSServices
0x00000000095fd000 	/System/Library/Frameworks/CoreServices.framework/Versions/A/Frameworks/SearchKit.framework/Versions/A/SearchKit
0x00000000095fd000 	/System/Library/Frameworks/CoreServices.framework/Versions/A/Frameworks/AE.framework/Versions/A/AE
0x00000000095fd000 	/System/Library/Frameworks/CoreServices.framework/Versions/A/Frameworks/LaunchServices.framework/Versions/A/LaunchServices
0x00000000095fd000 	/System/Library/Frameworks/CoreServices.framework/Versions/A/Frameworks/DictionaryServices.framework/Versions/A/DictionaryServices
0x00000000095fd000 	/System/Library/Frameworks/CoreServices.framework/Versions/A/Frameworks/SharedFileList.framework/Versions/A/SharedFileList
0x00000000095fd000 	/System/Library/Frameworks/NetFS.framework/Versions/A/NetFS
0x00000000095fd000 	/System/Library/PrivateFrameworks/NetAuth.framework/Versions/A/NetAuth
0x00000000095fd000 	/System/Library/PrivateFrameworks/login.framework/Versions/A/Frameworks/loginsupport.framework/Versions/A/loginsupport
0x00000000095fd000 	/System/Library/PrivateFrameworks/TCC.framework/Versions/A/TCC
0x00000000095fd000 	/System/Library/PrivateFrameworks/CoreNLP.framework/Versions/A/CoreNLP
0x00000000095fd000 	/System/Library/PrivateFrameworks/MetadataUtilities.framework/Versions/A/MetadataUtilities
0x00000000095fd000 	/usr/lib/libmecabra.dylib
0x00000000095fd000 	/System/Library/Frameworks/ApplicationServices.framework/Versions/A/Frameworks/ATS.framework/Versions/A/ATS
0x00000000095fd000 	/System/Library/Frameworks/ApplicationServices.framework/Versions/A/Frameworks/ColorSyncLegacy.framework/Versions/A/ColorSyncLegacy
0x00000000095fd000 	/System/Library/Frameworks/ApplicationServices.framework/Versions/A/Frameworks/HIServices.framework/Versions/A/HIServices
0x00000000095fd000 	/System/Library/Frameworks/ApplicationServices.framework/Versions/A/Frameworks/LangAnalysis.framework/Versions/A/LangAnalysis
0x00000000095fd000 	/System/Library/Frameworks/ApplicationServices.framework/Versions/A/Frameworks/PrintCore.framework/Versions/A/PrintCore
0x00000000095fd000 	/System/Library/Frameworks/ApplicationServices.framework/Versions/A/Frameworks/QD.framework/Versions/A/QD
0x00000000095fd000 	/System/Library/Frameworks/ApplicationServices.framework/Versions/A/Frameworks/SpeechSynthesis.framework/Versions/A/SpeechSynthesis
0x00000000095fd000 	/usr/lib/libcompression.dylib
0x00000000095fd000 	/System/Library/Frameworks/CoreDisplay.framework/Versions/A/CoreDisplay
0x00000000095fd000 	/System/Library/Frameworks/MetalPerformanceShaders.framework/Versions/A/MetalPerformanceShaders
0x00000000095fd000 	/System/Library/Frameworks/Accelerate.framework/Versions/A/Frameworks/vImage.framework/Versions/A/vImage
0x00000000095fd000 	/System/Library/Frameworks/Accelerate.framework/Versions/A/Frameworks/vecLib.framework/Versions/A/vecLib
0x00000000095fd000 	/System/Library/Frameworks/Accelerate.framework/Versions/A/Frameworks/vecLib.framework/Versions/A/libvMisc.dylib
0x00000000095fd000 	/System/Library/Frameworks/Accelerate.framework/Versions/A/Frameworks/vecLib.framework/Versions/A/libvDSP.dylib
0x00000000095fd000 	/System/Library/Frameworks/Accelerate.framework/Versions/A/Frameworks/vecLib.framework/Versions/A/libBLAS.dylib
0x00000000095fd000 	/System/Library/Frameworks/Accelerate.framework/Versions/A/Frameworks/vecLib.framework/Versions/A/libLAPACK.dylib
0x00000000095fd000 	/System/Library/Frameworks/Accelerate.framework/Versions/A/Frameworks/vecLib.framework/Versions/A/libLinearAlgebra.dylib
0x00000000095fd000 	/System/Library/Frameworks/Accelerate.framework/Versions/A/Frameworks/vecLib.framework/Versions/A/libSparseBLAS.dylib
0x00000000095fd000 	/System/Library/Frameworks/Accelerate.framework/Versions/A/Frameworks/vecLib.framework/Versions/A/libQuadrature.dylib
0x00000000095fd000 	/System/Library/Frameworks/Accelerate.framework/Versions/A/Frameworks/vecLib.framework/Versions/A/libBNNS.dylib
0x00000000095fd000 	/System/Library/Frameworks/Accelerate.framework/Versions/A/Frameworks/vecLib.framework/Versions/A/libSparse.dylib
0x00000000095fd000 	/System/Library/PrivateFrameworks/GPUWrangler.framework/Versions/A/GPUWrangler
0x00000000095fd000 	/System/Library/PrivateFrameworks/IOAccelerator.framework/Versions/A/IOAccelerator
0x00000000095fd000 	/System/Library/PrivateFrameworks/IOPresentment.framework/Versions/A/IOPresentment
0x00000000095fd000 	/System/Library/PrivateFrameworks/DSExternalDisplay.framework/Versions/A/DSExternalDisplay
0x00000000095fd000 	/System/Library/Frameworks/OpenGL.framework/Versions/A/Libraries/libCoreFSCache.dylib
0x00000000095fd000 	/System/Library/Frameworks/MetalPerformanceShaders.framework/Frameworks/MPSCore.framework/Versions/A/MPSCore
0x00000000095fd000 	/System/Library/Frameworks/MetalPerformanceShaders.framework/Frameworks/MPSImage.framework/Versions/A/MPSImage
0x00000000095fd000 	/System/Library/Frameworks/MetalPerformanceShaders.framework/Frameworks/MPSNeuralNetwork.framework/Versions/A/MPSNeuralNetwork
0x00000000095fd000 	/System/Library/Frameworks/MetalPerformanceShaders.framework/Frameworks/MPSMatrix.framework/Versions/A/MPSMatrix
0x00000000095fd000 	/System/Library/Frameworks/MetalPerformanceShaders.framework/Frameworks/MPSRayIntersector.framework/Versions/A/MPSRayIntersector
0x00000000095fd000 	/System/Library/PrivateFrameworks/MetalTools.framework/Versions/A/MetalTools
0x00000000095fd000 	/System/Library/PrivateFrameworks/AggregateDictionary.framework/Versions/A/AggregateDictionary
0x00000000095fd000 	/usr/lib/libMobileGestalt.dylib
0x00000000095fd000 	/System/Library/Frameworks/CoreVideo.framework/Versions/A/CoreVideo
0x00000000095fd000 	/System/Library/PrivateFrameworks/GraphVisualizer.framework/Versions/A/GraphVisualizer
0x00000000095fd000 	/System/Library/PrivateFrameworks/FaceCore.framework/Versions/A/FaceCore
0x00000000095fd000 	/System/Library/Frameworks/OpenCL.framework/Versions/A/OpenCL
0x00000000095fd000 	/usr/lib/libFosl_dynamic.dylib
0x00000000095fd000 	/System/Library/PrivateFrameworks/OTSVG.framework/Versions/A/OTSVG
0x00000000095fd000 	/System/Library/Frameworks/ApplicationServices.framework/Versions/A/Frameworks/ATS.framework/Versions/A/Resources/libFontParser.dylib
0x00000000095fd000 	/System/Library/Frameworks/ApplicationServices.framework/Versions/A/Frameworks/ATS.framework/Versions/A/Resources/libFontRegistry.dylib
0x00000000095fd000 	/System/Library/Frameworks/ImageIO.framework/Versions/A/Resources/libJPEG.dylib
0x00000000095fd000 	/System/Library/Frameworks/ImageIO.framework/Versions/A/Resources/libTIFF.dylib
0x00000000095fd000 	/System/Library/Frameworks/ImageIO.framework/Versions/A/Resources/libPng.dylib
0x00000000095fd000 	/System/Library/Frameworks/ImageIO.framework/Versions/A/Resources/libGIF.dylib
0x00000000095fd000 	/System/Library/Frameworks/ImageIO.framework/Versions/A/Resources/libJP2.dylib
0x00000000095fd000 	/System/Library/Frameworks/ImageIO.framework/Versions/A/Resources/libRadiance.dylib
0x00000000095fd000 	/System/Library/PrivateFrameworks/AppleJPEG.framework/Versions/A/AppleJPEG
0x00000000095fd000 	/System/Library/Frameworks/OpenGL.framework/Versions/A/Libraries/libGFXShared.dylib
0x00000000095fd000 	/System/Library/Frameworks/OpenGL.framework/Versions/A/Libraries/libGLU.dylib
0x00000000095fd000 	/System/Library/Frameworks/OpenGL.framework/Versions/A/Libraries/libGL.dylib
0x00000000095fd000 	/System/Library/Frameworks/OpenGL.framework/Versions/A/Libraries/libGLImage.dylib
0x00000000095fd000 	/System/Library/Frameworks/OpenGL.framework/Versions/A/Libraries/libCVMSPluginSupport.dylib
0x00000000095fd000 	/System/Library/Frameworks/OpenGL.framework/Versions/A/Libraries/libCoreVMClient.dylib
0x00000000095fd000 	/usr/lib/libcups.2.dylib
0x00000000095fd000 	/System/Library/Frameworks/Kerberos.framework/Versions/A/Kerberos
0x00000000095fd000 	/System/Library/Frameworks/GSS.framework/Versions/A/GSS
0x00000000095fd000 	/usr/lib/libresolv.9.dylib
0x00000000095fd000 	/usr/lib/libiconv.2.dylib
0x00000000095fd000 	/System/Library/PrivateFrameworks/Heimdal.framework/Versions/A/Heimdal
0x00000000095fd000 	/usr/lib/libheimdal-asn1.dylib
0x00000000095fd000 	/System/Library/Frameworks/OpenDirectory.framework/Versions/A/OpenDirectory
0x00000000095fd000 	/System/Library/PrivateFrameworks/CommonAuth.framework/Versions/A/CommonAuth
0x00000000095fd000 	/System/Library/Frameworks/OpenDirectory.framework/Versions/A/Frameworks/CFOpenDirectory.framework/Versions/A/CFOpenDirectory
0x00000000095fd000 	/System/Library/Frameworks/SecurityFoundation.framework/Versions/A/SecurityFoundation
0x00000000095fd000 	/System/Library/PrivateFrameworks/APFS.framework/Versions/A/APFS
0x00000000095fd000 	/usr/lib/libutil.dylib
0x00000000095fd000 	/usr/lib/libcharset.1.dylib
0x00000000095fd000 	/System/Library/PrivateFrameworks/AppleSauce.framework/Versions/A/AppleSauce
0x00000000095fd000 	/System/Library/PrivateFrameworks/AssertionServices.framework/Versions/A/AssertionServices
0x00000000095fd000 	/System/Library/PrivateFrameworks/BaseBoard.framework/Versions/A/BaseBoard
0x00000000095fd000 	/usr/lib/libmecab.1.0.0.dylib
0x00000000095fd000 	/usr/lib/libgermantok.dylib
0x00000000095fd000 	/usr/lib/libThaiTokenizer.dylib
0x00000000095fd000 	/usr/lib/libChineseTokenizer.dylib
0x00000000095fd000 	/System/Library/PrivateFrameworks/LanguageModeling.framework/Versions/A/LanguageModeling
0x00000000095fd000 	/System/Library/PrivateFrameworks/CoreEmoji.framework/Versions/A/CoreEmoji
0x00000000095fd000 	/System/Library/PrivateFrameworks/Lexicon.framework/Versions/A/Lexicon
0x00000000095fd000 	/System/Library/PrivateFrameworks/LinguisticData.framework/Versions/A/LinguisticData
0x00000000095fd000 	/usr/lib/libcmph.dylib
0x00000000095fd000 	/System/Library/Frameworks/ServiceManagement.framework/Versions/A/ServiceManagement
0x00000000095fd000 	/System/Library/PrivateFrameworks/BackgroundTaskManagement.framework/Versions/A/BackgroundTaskManagement
0x00000000095fd000 	/usr/lib/libxslt.1.dylib
0x00000000095fd000 	/System/Library/Frameworks/Carbon.framework/Versions/A/Frameworks/Ink.framework/Versions/A/Ink
0x00000000095fd000 	/System/Library/PrivateFrameworks/TextureIO.framework/Versions/A/TextureIO
0x00000000095fd000 	/usr/lib/libate.dylib
0x00000000095fd000 	/System/Library/PrivateFrameworks/CrashReporterSupport.framework/Versions/A/CrashReporterSupport
0x00000000095fd000 	/System/Library/PrivateFrameworks/Sharing.framework/Versions/A/Sharing
0x00000000095fd000 	/System/Library/PrivateFrameworks/AuthKit.framework/Versions/A/AuthKit
0x00000000095fd000 	/System/Library/PrivateFrameworks/Apple80211.framework/Versions/A/Apple80211
0x00000000095fd000 	/System/Library/PrivateFrameworks/CoreUtils.framework/Versions/A/CoreUtils
0x00000000095fd000 	/System/Library/Frameworks/CoreWLAN.framework/Versions/A/CoreWLAN
0x00000000095fd000 	/System/Library/Frameworks/IOBluetooth.framework/Versions/A/IOBluetooth
0x00000000095fd000 	/System/Library/PrivateFrameworks/ProtocolBuffer.framework/Versions/A/ProtocolBuffer
0x00000000095fd000 	/System/Library/PrivateFrameworks/MobileKeyBag.framework/Versions/A/MobileKeyBag
0x00000000095fd000 	/System/Library/PrivateFrameworks/CorePhoneNumbers.framework/Versions/A/CorePhoneNumbers
0x00000000095fd000 	/System/Library/PrivateFrameworks/AppleIDAuthSupport.framework/Versions/A/AppleIDAuthSupport
0x00000000095fd000 	/System/Library/PrivateFrameworks/KeychainCircle.framework/Versions/A/KeychainCircle
0x00000000095fd000 	/System/Library/PrivateFrameworks/ROCKit.framework/Versions/A/ROCKit
0x00000000095fd000 	/System/Library/PrivateFrameworks/CoreWiFi.framework/Versions/A/CoreWiFi
0x00000000095fd000 	/System/Library/Frameworks/CoreBluetooth.framework/Versions/A/CoreBluetooth
0x00000000095fd000 	/System/Library/PrivateFrameworks/DebugSymbols.framework/Versions/A/DebugSymbols
0x00000000095fd000 	/System/Library/PrivateFrameworks/CoreSymbolication.framework/Versions/A/CoreSymbolication
0x00000000095fd000 	/System/Library/PrivateFrameworks/Symbolication.framework/Versions/A/Symbolication
0x00000000095fd000 	/System/Library/PrivateFrameworks/SpeechRecognitionCore.framework/Versions/A/SpeechRecognitionCore
0x00000000095fd000 	/System/Library/CoreServices/Encodings/libTraditionalChineseConverter.dylib
0x0000000106800000 	/Library/Java/JavaVirtualMachines/jdk1.8.0_65.jdk/Contents/Home/jre/lib/server/libjvm.dylib
0x00000000095fd000 	/usr/lib/libstdc++.6.dylib
0x00000001057b5000 	/Library/Java/JavaVirtualMachines/jdk1.8.0_65.jdk/Contents/Home/jre/lib/libverify.dylib
0x00000001057c3000 	/Library/Java/JavaVirtualMachines/jdk1.8.0_65.jdk/Contents/Home/jre/lib/libjava.dylib
0x0000000107789000 	/Library/Java/JavaVirtualMachines/jdk1.8.0_65.jdk/Contents/Home/jre/lib/libjdwp.dylib
0x00000001057f9000 	/Library/Java/JavaVirtualMachines/jdk1.8.0_65.jdk/Contents/Home/jre/lib/libnpt.dylib
0x000000010781c000 	/Library/Java/JavaVirtualMachines/jdk1.8.0_65.jdk/Contents/Home/jre/lib/libzip.dylib
0x00000000095fd000 	/System/Library/Frameworks/JavaVM.framework/Versions/A/Frameworks/JavaRuntimeSupport.framework/Versions/A/JavaRuntimeSupport
0x00000000095fd000 	/System/Library/Frameworks/JavaVM.framework/Versions/A/Frameworks/JavaNativeFoundation.framework/Versions/A/JavaNativeFoundation
0x00000000095fd000 	/System/Library/Frameworks/JavaVM.framework/Versions/A/JavaVM
0x00000000095fd000 	/System/Library/Frameworks/Carbon.framework/Versions/A/Carbon
0x00000000095fd000 	/System/Library/PrivateFrameworks/JavaLaunching.framework/Versions/A/JavaLaunching
0x00000000095fd000 	/System/Library/Frameworks/Carbon.framework/Versions/A/Frameworks/CommonPanels.framework/Versions/A/CommonPanels
0x00000000095fd000 	/System/Library/Frameworks/Carbon.framework/Versions/A/Frameworks/Help.framework/Versions/A/Help
0x00000000095fd000 	/System/Library/Frameworks/Carbon.framework/Versions/A/Frameworks/ImageCapture.framework/Versions/A/ImageCapture
0x00000000095fd000 	/System/Library/Frameworks/Carbon.framework/Versions/A/Frameworks/OpenScripting.framework/Versions/A/OpenScripting
0x00000000095fd000 	/System/Library/Frameworks/Carbon.framework/Versions/A/Frameworks/Print.framework/Versions/A/Print
0x00000000095fd000 	/System/Library/Frameworks/Carbon.framework/Versions/A/Frameworks/SecurityHI.framework/Versions/A/SecurityHI
0x000000010d303000 	/Library/Java/JavaVirtualMachines/jdk1.8.0_65.jdk/Contents/Home/jre/lib/libdt_socket.dylib
0x000000010d30a000 	/Library/Java/JavaVirtualMachines/jdk1.8.0_65.jdk/Contents/Home/jre/lib/libmanagement.dylib
0x000000010d318000 	/Library/Java/JavaVirtualMachines/jdk1.8.0_65.jdk/Contents/Home/jre/lib/libnet.dylib
0x000000010d377000 	/Library/Java/JavaVirtualMachines/jdk1.8.0_65.jdk/Contents/Home/jre/lib/libnio.dylib

VM Arguments:
jvm_args: -agentlib:jdwp=transport=dt_socket,suspend=y,address=localhost:50790 -Dcom.sun.management.jmxremote -Dcom.sun.management.jmxremote.port=50789 -Dcom.sun.management.jmxremote.authenticate=false -Dcom.sun.management.jmxremote.ssl=false -Djava.rmi.server.hostname=localhost -Dspring.jmx.enabled=true -Dspring.application.admin.enabled=true -Djava.security.egd=file:/dev/./urandom -Xverify:none -XX:TieredStopAtLevel=1 -Dfile.encoding=UTF-8 
java_command: com.csi_system.backend.BackendApplication --spring.output.ansi.enabled=always
java_class_path (initial): /Users/mac/Documents/spring-tool-suite-4-4.2.1.RELEASE/workspace/backend/target/classes:/Users/mac/.m2/repository/org/springframework/boot/spring-boot-starter/2.1.4.RELEASE/spring-boot-starter-2.1.4.RELEASE.jar:/Users/mac/.m2/repository/org/springframework/boot/spring-boot/2.1.4.RELEASE/spring-boot-2.1.4.RELEASE.jar:/Users/mac/.m2/repository/org/springframework/spring-context/5.1.6.RELEASE/spring-context-5.1.6.RELEASE.jar:/Users/mac/.m2/repository/org/springframework/boot/spring-boot-autoconfigure/2.1.4.RELEASE/spring-boot-autoconfigure-2.1.4.RELEASE.jar:/Users/mac/.m2/repository/org/springframework/boot/spring-boot-starter-logging/2.1.4.RELEASE/spring-boot-starter-logging-2.1.4.RELEASE.jar:/Users/mac/.m2/repository/ch/qos/logback/logback-classic/1.2.3/logback-classic-1.2.3.jar:/Users/mac/.m2/repository/ch/qos/logback/logback-core/1.2.3/logback-core-1.2.3.jar:/Users/mac/.m2/repository/org/apache/logging/log4j/log4j-to-slf4j/2.11.2/log4j-to-slf4j-2.11.2.jar:/Users/mac/.m2/repository/org/apache/logging/log4j/log4j-api/2.11.2/log4j-api-2.11.2.jar:/Users/mac/.m2/repository/org/slf4j/jul-to-slf4j/1.7.26/jul-to-slf4j-1.7.26.jar:/Users/mac/.m2/repository/javax/annotation/javax.annotation-api/1.3.2/javax.annotation-api-1.3.2.jar:/Users/mac/.m2/repository/org/springframework/spring-core/5.1.6.RELEASE/spring-core-5.1.6.RELEASE.jar:/Users/mac/.m2/repository/org/springframework/spring-jcl/5.1.6.RELEASE/spring-jcl-5.1.6.RELEASE.jar:/Users/mac/.m2/repository/org/yaml/snakeyaml/1.23/snakeyaml-1.23.jar:/Users/mac/.m2/repository/org/slf4j/slf4j-api/1.7.26/slf4j-api-1.7.26.jar:/Users/mac/.m2/repository/net/bytebuddy/byte-buddy/1.9.12/byte-buddy-1.9.12.jar:/Users/mac/.m2/repository/org/springframework/boot/spring-boot-starter-actuator/2.1.4.RELEASE/spring-boot-starter-actuator-2.1.4.RELEASE.jar:/Users/mac/.m2/repository/org/springframework/boot/spring-boot-actuator-autoconfigure/2.1.4.RELEASE/spring-boot-actuator-autoconfigure-2.1.4.RELEASE.jar:/Users/mac/
Launcher Type: SUN_STANDARD

Environment Variables:
PATH=/usr/bin:/bin:/usr/sbin:/sbin
SHELL=/bin/bash
DISPLAY=/private/tmp/com.apple.launchd.wDI0L6ooeW/org.macosforge.xquartz:0

Signal Handlers:
SIGSEGV: [libjvm.dylib+0x5a6d31], sa_mask[0]=11111111011111110111111111111111, sa_flags=SA_ONSTACK|SA_RESTART|SA_SIGINFO
SIGBUS: [libjvm.dylib+0x5a6d31], sa_mask[0]=11111111011111110111111111111111, sa_flags=SA_RESTART|SA_SIGINFO
SIGFPE: [libjvm.dylib+0x480a40], sa_mask[0]=11111111011111110111111111111111, sa_flags=SA_RESTART|SA_SIGINFO
SIGPIPE: [libjvm.dylib+0x480a40], sa_mask[0]=11111111011111110111111111111111, sa_flags=SA_RESTART|SA_SIGINFO
SIGXFSZ: [libjvm.dylib+0x480a40], sa_mask[0]=11111111011111110111111111111111, sa_flags=SA_RESTART|SA_SIGINFO
SIGILL: [libjvm.dylib+0x480a40], sa_mask[0]=11111111011111110111111111111111, sa_flags=SA_RESTART|SA_SIGINFO
SIGUSR1: SIG_DFL, sa_mask[0]=00000000000000000000000000000000, sa_flags=none
SIGUSR2: [libjvm.dylib+0x48055e], sa_mask[0]=00100000000000000000000000000000, sa_flags=SA_RESTART|SA_SIGINFO
SIGHUP: [libjvm.dylib+0x47eb35], sa_mask[0]=11111111011111110111111111111111, sa_flags=SA_RESTART|SA_SIGINFO
SIGINT: [libjvm.dylib+0x47eb35], sa_mask[0]=11111111011111110111111111111111, sa_flags=SA_RESTART|SA_SIGINFO
SIGTERM: [libjvm.dylib+0x47eb35], sa_mask[0]=11111111011111110111111111111111, sa_flags=SA_RESTART|SA_SIGINFO
SIGQUIT: [libjvm.dylib+0x47eb35], sa_mask[0]=11111111011111110111111111111111, sa_flags=SA_RESTART|SA_SIGINFO


---------------  S Y S T E M  ---------------

OS:Bsduname:Darwin 18.5.0 Darwin Kernel Version 18.5.0: Mon Mar 11 20:40:32 PDT 2019; root:xnu-4903.251.3~3/RELEASE_X86_64 x86_64
rlimit: STACK 8192k, CORE 0k, NPROC 1418, NOFILE 10240, AS infinity
load average:1.92 1.89 1.74

CPU:total 8 (4 cores per cpu, 2 threads per core) family 6 model 58 stepping 9, cmov, cx8, fxsr, mmx, sse, sse2, sse3, ssse3, sse4.1, sse4.2, popcnt, avx, aes, clmul, erms, ht, tsc, tscinvbit, tscinv

Memory: 4k page, physical 16777216k(406348k free)

/proc/meminfo:


vm_info: Java HotSpot(TM) 64-Bit Server VM (25.65-b01) for bsd-amd64 JRE (1.8.0_65-b17), built on Oct  6 2015 15:36:46 by "java_re" with gcc 4.2.1 (Based on Apple Inc. build 5658) (LLVM build 2336.11.00)

time: Tue Jun 11 01:44:38 2019
elapsed time: 246 seconds (0d 0h 4m 6s)

